{"numTotalTestSuites":75,"numPassedTestSuites":75,"numFailedTestSuites":0,"numPendingTestSuites":0,"numTotalTests":434,"numPassedTests":434,"numFailedTests":0,"numPendingTests":0,"numTodoTests":0,"snapshot":{"added":0,"failure":false,"filesAdded":0,"filesRemoved":0,"filesRemovedList":[],"filesUnmatched":0,"filesUpdated":0,"matched":0,"total":0,"unchecked":0,"uncheckedKeysByFile":[],"unmatched":0,"updated":0,"didUpdate":false},"startTime":1753481605868,"success":true,"testResults":[{"assertionResults":[{"ancestorTitles":["App Integration Tests"],"fullName":"App Integration Tests renders all main sections","status":"passed","title":"renders all main sections","duration":1865.5800999999992,"failureMessages":[],"meta":{}},{"ancestorTitles":["App Integration Tests"],"fullName":"App Integration Tests renders navigation with all sections","status":"passed","title":"renders navigation with all sections","duration":1053.641599999999,"failureMessages":[],"meta":{}},{"ancestorTitles":["App Integration Tests"],"fullName":"App Integration Tests handles navigation between sections","status":"passed","title":"handles navigation between sections","duration":728.3603000000003,"failureMessages":[],"meta":{}},{"ancestorTitles":["App Integration Tests"],"fullName":"App Integration Tests handles mobile navigation","status":"passed","title":"handles mobile navigation","duration":150.03909999999814,"failureMessages":[],"meta":{}},{"ancestorTitles":["App Integration Tests"],"fullName":"App Integration Tests handles theme toggle","status":"passed","title":"handles theme toggle","duration":287.64570000000094,"failureMessages":[],"meta":{}},{"ancestorTitles":["App Integration Tests"],"fullName":"App Integration Tests handles social links","status":"passed","title":"handles social links","duration":162.59440000000177,"failureMessages":[],"meta":{}},{"ancestorTitles":["App Integration Tests"],"fullName":"App Integration Tests handles dashboard link","status":"passed","title":"handles dashboard link","duration":146.58290000000125,"failureMessages":[],"meta":{}},{"ancestorTitles":["App Integration Tests"],"fullName":"App Integration Tests handles contact form interaction","status":"passed","title":"handles contact form interaction","duration":1401.6175000000003,"failureMessages":[],"meta":{}},{"ancestorTitles":["App Integration Tests"],"fullName":"App Integration Tests handles hero section interactions","status":"passed","title":"handles hero section interactions","duration":210.50880000000325,"failureMessages":[],"meta":{}},{"ancestorTitles":["App Integration Tests"],"fullName":"App Integration Tests handles project carousel navigation","status":"passed","title":"handles project carousel navigation","duration":353.19940000000133,"failureMessages":[],"meta":{}},{"ancestorTitles":["App Integration Tests"],"fullName":"App Integration Tests handles scroll-based navigation styling","status":"passed","title":"handles scroll-based navigation styling","duration":81.1765000000014,"failureMessages":[],"meta":{}},{"ancestorTitles":["App Integration Tests"],"fullName":"App Integration Tests maintains consistent styling across sections","status":"passed","title":"maintains consistent styling across sections","duration":79.880799999999,"failureMessages":[],"meta":{}},{"ancestorTitles":["App Integration Tests"],"fullName":"App Integration Tests handles responsive design","status":"passed","title":"handles responsive design","duration":67.60369999999966,"failureMessages":[],"meta":{}},{"ancestorTitles":["App Integration Tests"],"fullName":"App Integration Tests provides proper accessibility","status":"passed","title":"provides proper accessibility","duration":161.7609999999986,"failureMessages":[],"meta":{}},{"ancestorTitles":["App Integration Tests"],"fullName":"App Integration Tests handles external link interactions","status":"passed","title":"handles external link interactions","duration":94.13320000000022,"failureMessages":[],"meta":{}},{"ancestorTitles":["App Integration Tests"],"fullName":"App Integration Tests handles form validation","status":"passed","title":"handles form validation","duration":293.3595999999998,"failureMessages":[],"meta":{}}],"startTime":1753481619264,"endTime":1753481626403.3596,"status":"passed","message":"","name":"C:/Users/shahh/Documents/GitHub/harsh-portfolio/src/__tests__/App.integration.test.tsx"},{"assertionResults":[{"ancestorTitles":["use-toast","toast function"],"fullName":"use-toast toast function creates toast with correct properties","status":"passed","title":"creates toast with correct properties","duration":39.04540000000088,"failureMessages":[],"meta":{}},{"ancestorTitles":["use-toast","toast function"],"fullName":"use-toast toast function generates unique IDs for different toasts","status":"passed","title":"generates unique IDs for different toasts","duration":7.233400000000074,"failureMessages":[],"meta":{}},{"ancestorTitles":["use-toast","useToast hook"],"fullName":"use-toast useToast hook returns correct initial state","status":"passed","title":"returns correct initial state","duration":10.683399999999892,"failureMessages":[],"meta":{}},{"ancestorTitles":["use-toast","useToast hook"],"fullName":"use-toast useToast hook can add a toast","status":"passed","title":"can add a toast","duration":9.152399999999943,"failureMessages":[],"meta":{}},{"ancestorTitles":["use-toast","useToast hook"],"fullName":"use-toast useToast hook can dismiss a specific toast","status":"passed","title":"can dismiss a specific toast","duration":6.307999999999993,"failureMessages":[],"meta":{}},{"ancestorTitles":["use-toast","useToast hook"],"fullName":"use-toast useToast hook can dismiss all toasts","status":"passed","title":"can dismiss all toasts","duration":7.822299999999814,"failureMessages":[],"meta":{}},{"ancestorTitles":["use-toast","useToast hook"],"fullName":"use-toast useToast hook respects toast limit","status":"passed","title":"respects toast limit","duration":4.790899999999965,"failureMessages":[],"meta":{}},{"ancestorTitles":["use-toast","useToast hook"],"fullName":"use-toast useToast hook can update a toast","status":"passed","title":"can update a toast","duration":4.657999999999447,"failureMessages":[],"meta":{}},{"ancestorTitles":["use-toast","useToast hook"],"fullName":"use-toast useToast hook handles toast lifecycle with timers","status":"passed","title":"handles toast lifecycle with timers","duration":4.830199999999422,"failureMessages":[],"meta":{}},{"ancestorTitles":["use-toast","useToast hook"],"fullName":"use-toast useToast hook prevents duplicate timeouts for same toast","status":"passed","title":"prevents duplicate timeouts for same toast","duration":5.278000000000247,"failureMessages":[],"meta":{}},{"ancestorTitles":["use-toast","useToast hook"],"fullName":"use-toast useToast hook handles onOpenChange callback","status":"passed","title":"handles onOpenChange callback","duration":3.733900000000176,"failureMessages":[],"meta":{}},{"ancestorTitles":["use-toast","useToast hook"],"fullName":"use-toast useToast hook handles edge case: update non-existent toast","status":"passed","title":"handles edge case: update non-existent toast","duration":16.618400000000292,"failureMessages":[],"meta":{}},{"ancestorTitles":["use-toast","integration tests"],"fullName":"use-toast integration tests multiple hooks maintain consistent state","status":"passed","title":"multiple hooks maintain consistent state","duration":28.5029999999997,"failureMessages":[],"meta":{}}],"startTime":1753481617832,"endTime":1753481617984.503,"status":"passed","message":"","name":"C:/Users/shahh/Documents/GitHub/harsh-portfolio/src/hooks/__tests__/use-toast.test.ts"},{"assertionResults":[{"ancestorTitles":["useCarousel Hook"],"fullName":"useCarousel Hook initializes with correct default values","status":"passed","title":"initializes with correct default values","duration":52.48349999999937,"failureMessages":[],"meta":{}},{"ancestorTitles":["useCarousel Hook"],"fullName":"useCarousel Hook scrolls to next item correctly for featured type","status":"passed","title":"scrolls to next item correctly for featured type","duration":11.221400000000358,"failureMessages":[],"meta":{}},{"ancestorTitles":["useCarousel Hook"],"fullName":"useCarousel Hook scrolls to next item correctly for other type","status":"passed","title":"scrolls to next item correctly for other type","duration":5.944600000000719,"failureMessages":[],"meta":{}},{"ancestorTitles":["useCarousel Hook"],"fullName":"useCarousel Hook scrolls to next item correctly for mobile","status":"passed","title":"scrolls to next item correctly for mobile","duration":9.832499999999527,"failureMessages":[],"meta":{}},{"ancestorTitles":["useCarousel Hook"],"fullName":"useCarousel Hook scrolls to previous item correctly for featured type","status":"passed","title":"scrolls to previous item correctly for featured type","duration":7.055199999999786,"failureMessages":[],"meta":{}},{"ancestorTitles":["useCarousel Hook"],"fullName":"useCarousel Hook scrolls to previous item correctly for other type","status":"passed","title":"scrolls to previous item correctly for other type","duration":5.663400000000365,"failureMessages":[],"meta":{}},{"ancestorTitles":["useCarousel Hook"],"fullName":"useCarousel Hook scrolls to previous item correctly for mobile","status":"passed","title":"scrolls to previous item correctly for mobile","duration":8.676699999999983,"failureMessages":[],"meta":{}},{"ancestorTitles":["useCarousel Hook"],"fullName":"useCarousel Hook handles circular navigation for featured type","status":"passed","title":"handles circular navigation for featured type","duration":15.026699999999437,"failureMessages":[],"meta":{}},{"ancestorTitles":["useCarousel Hook"],"fullName":"useCarousel Hook handles circular navigation for other type","status":"passed","title":"handles circular navigation for other type","duration":8.657799999999952,"failureMessages":[],"meta":{}},{"ancestorTitles":["useCarousel Hook"],"fullName":"useCarousel Hook handles empty items array","status":"passed","title":"handles empty items array","duration":3.181300000000192,"failureMessages":[],"meta":{}},{"ancestorTitles":["useCarousel Hook"],"fullName":"useCarousel Hook handles single item","status":"passed","title":"handles single item","duration":2.791200000000572,"failureMessages":[],"meta":{}},{"ancestorTitles":["useCarousel Hook"],"fullName":"useCarousel Hook updates when totalItems change","status":"passed","title":"updates when totalItems change","duration":20.02009999999973,"failureMessages":[],"meta":{}},{"ancestorTitles":["useCarousel Hook"],"fullName":"useCarousel Hook maintains current index when totalItems change","status":"passed","title":"maintains current index when totalItems change","duration":7.563000000000102,"failureMessages":[],"meta":{}},{"ancestorTitles":["useCarousel Hook"],"fullName":"useCarousel Hook initializes with custom initial index","status":"passed","title":"initializes with custom initial index","duration":3.1545999999998457,"failureMessages":[],"meta":{}},{"ancestorTitles":["useCarousel Hook"],"fullName":"useCarousel Hook resets to initial index","status":"passed","title":"resets to initial index","duration":2.645300000000134,"failureMessages":[],"meta":{}},{"ancestorTitles":["useCarousel Hook"],"fullName":"useCarousel Hook allows manual index setting","status":"passed","title":"allows manual index setting","duration":2.6224999999994907,"failureMessages":[],"meta":{}},{"ancestorTitles":["useCarousel Hook"],"fullName":"useCarousel Hook handles index bounds correctly","status":"passed","title":"handles index bounds correctly","duration":6.0460000000002765,"failureMessages":[],"meta":{}},{"ancestorTitles":["useCarousel Hook"],"fullName":"useCarousel Hook handles negative index","status":"passed","title":"handles negative index","duration":2.4117999999998574,"failureMessages":[],"meta":{}},{"ancestorTitles":["useCarousel Hook"],"fullName":"useCarousel Hook handles zero totalItems","status":"passed","title":"handles zero totalItems","duration":2.2164999999995416,"failureMessages":[],"meta":{}},{"ancestorTitles":["useCarousel Hook"],"fullName":"useCarousel Hook handles single item navigation","status":"passed","title":"handles single item navigation","duration":2.1432999999997264,"failureMessages":[],"meta":{}},{"ancestorTitles":["useCarousel Hook"],"fullName":"useCarousel Hook auto-scrolls with default interval","status":"passed","title":"auto-scrolls with default interval","duration":4.552099999999882,"failureMessages":[],"meta":{}},{"ancestorTitles":["useCarousel Hook"],"fullName":"useCarousel Hook auto-scrolls with custom interval","status":"passed","title":"auto-scrolls with custom interval","duration":2.8211999999994077,"failureMessages":[],"meta":{}},{"ancestorTitles":["useCarousel Hook"],"fullName":"useCarousel Hook auto-scrolls with mobile single-step navigation","status":"passed","title":"auto-scrolls with mobile single-step navigation","duration":4.42029999999977,"failureMessages":[],"meta":{}},{"ancestorTitles":["useCarousel Hook"],"fullName":"useCarousel Hook pauses auto-scroll when pause is called","status":"passed","title":"pauses auto-scroll when pause is called","duration":10.607299999999668,"failureMessages":[],"meta":{}},{"ancestorTitles":["useCarousel Hook"],"fullName":"useCarousel Hook resumes auto-scroll when resume is called","status":"passed","title":"resumes auto-scroll when resume is called","duration":2.88799999999992,"failureMessages":[],"meta":{}},{"ancestorTitles":["useCarousel Hook"],"fullName":"useCarousel Hook does not auto-scroll when autoPlay is false","status":"passed","title":"does not auto-scroll when autoPlay is false","duration":2.019000000000233,"failureMessages":[],"meta":{}},{"ancestorTitles":["useCarousel Hook"],"fullName":"useCarousel Hook handles multiple auto-scroll cycles","status":"passed","title":"handles multiple auto-scroll cycles","duration":4.264999999999418,"failureMessages":[],"meta":{}},{"ancestorTitles":["useCarousel Hook"],"fullName":"useCarousel Hook cleans up interval on unmount","status":"passed","title":"cleans up interval on unmount","duration":5.389800000000832,"failureMessages":[],"meta":{}}],"startTime":1753481614011,"endTime":1753481614228.39,"status":"passed","message":"","name":"C:/Users/shahh/Documents/GitHub/harsh-portfolio/src/hooks/__tests__/useCarousel.test.ts"},{"assertionResults":[{"ancestorTitles":["useResponsive Hook"],"fullName":"useResponsive Hook initializes with correct default values","status":"passed","title":"initializes with correct default values","duration":26.633800000000065,"failureMessages":[],"meta":{}},{"ancestorTitles":["useResponsive Hook"],"fullName":"useResponsive Hook detects small screen size","status":"passed","title":"detects small screen size","duration":3.639100000000326,"failureMessages":[],"meta":{}},{"ancestorTitles":["useResponsive Hook"],"fullName":"useResponsive Hook detects large screen size","status":"passed","title":"detects large screen size","duration":3.856999999999971,"failureMessages":[],"meta":{}},{"ancestorTitles":["useResponsive Hook"],"fullName":"useResponsive Hook handles exact breakpoint values","status":"passed","title":"handles exact breakpoint values","duration":6.3233000000000175,"failureMessages":[],"meta":{}},{"ancestorTitles":["useResponsive Hook"],"fullName":"useResponsive Hook updates on window resize","status":"passed","title":"updates on window resize","duration":5.505000000000109,"failureMessages":[],"meta":{}},{"ancestorTitles":["useResponsive Hook"],"fullName":"useResponsive Hook handles multiple resize events","status":"passed","title":"handles multiple resize events","duration":4.3684000000002925,"failureMessages":[],"meta":{}},{"ancestorTitles":["useResponsive Hook"],"fullName":"useResponsive Hook handles very small screen sizes","status":"passed","title":"handles very small screen sizes","duration":2.1059000000000196,"failureMessages":[],"meta":{}},{"ancestorTitles":["useResponsive Hook"],"fullName":"useResponsive Hook handles very large screen sizes","status":"passed","title":"handles very large screen sizes","duration":4.639900000000125,"failureMessages":[],"meta":{}},{"ancestorTitles":["useResponsive Hook"],"fullName":"useResponsive Hook updates visible counts on resize","status":"passed","title":"updates visible counts on resize","duration":3.3633999999997286,"failureMessages":[],"meta":{}},{"ancestorTitles":["useResponsive Hook"],"fullName":"useResponsive Hook cleans up event listener on unmount","status":"passed","title":"cleans up event listener on unmount","duration":7.024699999999939,"failureMessages":[],"meta":{}},{"ancestorTitles":["useResponsive Hook"],"fullName":"useResponsive Hook provides consistent screen size detection","status":"passed","title":"provides consistent screen size detection","duration":8.34479999999985,"failureMessages":[],"meta":{}}],"startTime":1753481620679,"endTime":1753481620755.3447,"status":"passed","message":"","name":"C:/Users/shahh/Documents/GitHub/harsh-portfolio/src/hooks/__tests__/useResponsive.test.ts"},{"assertionResults":[{"ancestorTitles":["About Component"],"fullName":"About Component renders the about section with correct heading","status":"passed","title":"renders the about section with correct heading","duration":430.41829999999936,"failureMessages":[],"meta":{}},{"ancestorTitles":["About Component"],"fullName":"About Component displays personal information and journey","status":"passed","title":"displays personal information and journey","duration":201.2480000000005,"failureMessages":[],"meta":{}},{"ancestorTitles":["About Component"],"fullName":"About Component displays skill tags","status":"passed","title":"displays skill tags","duration":59.39399999999932,"failureMessages":[],"meta":{}},{"ancestorTitles":["About Component"],"fullName":"About Component displays highlights section with expertise areas","status":"passed","title":"displays highlights section with expertise areas","duration":70.09709999999995,"failureMessages":[],"meta":{}},{"ancestorTitles":["About Component"],"fullName":"About Component has consistent styling with theme","status":"passed","title":"has consistent styling with theme","duration":107.42080000000078,"failureMessages":[],"meta":{}}],"startTime":1753481612572,"endTime":1753481613443.421,"status":"passed","message":"","name":"C:/Users/shahh/Documents/GitHub/harsh-portfolio/src/components/__tests__/About.test.tsx"},{"assertionResults":[{"ancestorTitles":["CareerEducation Component"],"fullName":"CareerEducation Component renders career education section","status":"passed","title":"renders career education section","duration":457.4359999999997,"failureMessages":[],"meta":{}},{"ancestorTitles":["CareerEducation Component"],"fullName":"CareerEducation Component displays section title","status":"passed","title":"displays section title","duration":653.7713999999996,"failureMessages":[],"meta":{}},{"ancestorTitles":["CareerEducation Component"],"fullName":"CareerEducation Component displays section description","status":"passed","title":"displays section description","duration":305.53619999999864,"failureMessages":[],"meta":{}},{"ancestorTitles":["CareerEducation Component"],"fullName":"CareerEducation Component displays education timeline","status":"passed","title":"displays education timeline","duration":304.77499999999964,"failureMessages":[],"meta":{}},{"ancestorTitles":["CareerEducation Component"],"fullName":"CareerEducation Component displays career timeline","status":"passed","title":"displays career timeline","duration":294.90080000000125,"failureMessages":[],"meta":{}},{"ancestorTitles":["CareerEducation Component"],"fullName":"CareerEducation Component displays timeline dates","status":"passed","title":"displays timeline dates","duration":221.84950000000026,"failureMessages":[],"meta":{}},{"ancestorTitles":["CareerEducation Component"],"fullName":"CareerEducation Component applies gradient styling to timeline items","status":"passed","title":"applies gradient styling to timeline items","duration":155.0051999999996,"failureMessages":[],"meta":{}},{"ancestorTitles":["CareerEducation Component"],"fullName":"CareerEducation Component has proper accessibility attributes","status":"passed","title":"has proper accessibility attributes","duration":257.85599999999977,"failureMessages":[],"meta":{}},{"ancestorTitles":["CareerEducation Component"],"fullName":"CareerEducation Component handles responsive design","status":"passed","title":"handles responsive design","duration":197.01850000000013,"failureMessages":[],"meta":{}},{"ancestorTitles":["CareerEducation Component"],"fullName":"CareerEducation Component handles theme integration","status":"passed","title":"handles theme integration","duration":160.06800000000112,"failureMessages":[],"meta":{}},{"ancestorTitles":["CareerEducation Component"],"fullName":"CareerEducation Component handles component lifecycle","status":"passed","title":"handles component lifecycle","duration":129.79939999999988,"failureMessages":[],"meta":{}},{"ancestorTitles":["CareerEducation Component"],"fullName":"CareerEducation Component handles error boundaries","status":"passed","title":"handles error boundaries","duration":177.26430000000073,"failureMessages":[],"meta":{}},{"ancestorTitles":["CareerEducation Component"],"fullName":"CareerEducation Component handles performance optimization","status":"passed","title":"handles performance optimization","duration":176.58579999999893,"failureMessages":[],"meta":{}},{"ancestorTitles":["CareerEducation Component"],"fullName":"CareerEducation Component handles memory management","status":"passed","title":"handles memory management","duration":190.24049999999988,"failureMessages":[],"meta":{}},{"ancestorTitles":["CareerEducation Component"],"fullName":"CareerEducation Component handles accessibility compliance","status":"passed","title":"handles accessibility compliance","duration":132.47019999999975,"failureMessages":[],"meta":{}},{"ancestorTitles":["CareerEducation Component"],"fullName":"CareerEducation Component handles data validation","status":"passed","title":"handles data validation","duration":111.69080000000031,"failureMessages":[],"meta":{}},{"ancestorTitles":["CareerEducation Component"],"fullName":"CareerEducation Component handles timeline interactions","status":"passed","title":"handles timeline interactions","duration":98.1851999999999,"failureMessages":[],"meta":{}}],"startTime":1753481617648,"endTime":1753481621674.1853,"status":"passed","message":"","name":"C:/Users/shahh/Documents/GitHub/harsh-portfolio/src/components/__tests__/CareerEducation.test.tsx"},{"assertionResults":[{"ancestorTitles":["Contact Component"],"fullName":"Contact Component renders contact section with correct structure","status":"passed","title":"renders contact section with correct structure","duration":469.6178999999993,"failureMessages":[],"meta":{}},{"ancestorTitles":["Contact Component"],"fullName":"Contact Component displays section header with icon and title","status":"passed","title":"displays section header with icon and title","duration":493.5,"failureMessages":[],"meta":{}},{"ancestorTitles":["Contact Component"],"fullName":"Contact Component displays section description","status":"passed","title":"displays section description","duration":82.4346000000005,"failureMessages":[],"meta":{}},{"ancestorTitles":["Contact Component"],"fullName":"Contact Component displays form with all required fields","status":"passed","title":"displays form with all required fields","duration":229.73060000000078,"failureMessages":[],"meta":{}},{"ancestorTitles":["Contact Component"],"fullName":"Contact Component handles form input changes","status":"passed","title":"handles form input changes","duration":1810.8454000000002,"failureMessages":[],"meta":{}},{"ancestorTitles":["Contact Component"],"fullName":"Contact Component handles form submission","status":"passed","title":"handles form submission","duration":94.01699999999983,"failureMessages":[],"meta":{}},{"ancestorTitles":["Contact Component"],"fullName":"Contact Component displays form validation states","status":"passed","title":"displays form validation states","duration":96.04449999999997,"failureMessages":[],"meta":{}},{"ancestorTitles":["Contact Component"],"fullName":"Contact Component applies gradient styling to submit button","status":"passed","title":"applies gradient styling to submit button","duration":35.48449999999866,"failureMessages":[],"meta":{}},{"ancestorTitles":["Contact Component"],"fullName":"Contact Component has proper form accessibility","status":"passed","title":"has proper form accessibility","duration":24.862499999999272,"failureMessages":[],"meta":{}},{"ancestorTitles":["Contact Component"],"fullName":"Contact Component applies responsive design classes","status":"passed","title":"applies responsive design classes","duration":16.279600000001665,"failureMessages":[],"meta":{}},{"ancestorTitles":["Contact Component"],"fullName":"Contact Component has consistent styling with theme","status":"passed","title":"has consistent styling with theme","duration":17.922500000000582,"failureMessages":[],"meta":{}},{"ancestorTitles":["Contact Component"],"fullName":"Contact Component displays interactive elements with hover effects","status":"passed","title":"displays interactive elements with hover effects","duration":32.36899999999878,"failureMessages":[],"meta":{}},{"ancestorTitles":["Contact Component"],"fullName":"Contact Component handles form validation errors","status":"passed","title":"handles form validation errors","duration":74.2094999999972,"failureMessages":[],"meta":{}},{"ancestorTitles":["Contact Component"],"fullName":"Contact Component handles form field focus states","status":"passed","title":"handles form field focus states","duration":119.89500000000044,"failureMessages":[],"meta":{}},{"ancestorTitles":["Contact Component"],"fullName":"Contact Component handles form field blur events","status":"passed","title":"handles form field blur events","duration":110.68289999999979,"failureMessages":[],"meta":{}},{"ancestorTitles":["Contact Component"],"fullName":"Contact Component handles form reset functionality","status":"passed","title":"handles form reset functionality","duration":722.0580999999984,"failureMessages":[],"meta":{}},{"ancestorTitles":["Contact Component"],"fullName":"Contact Component handles form accessibility features","status":"passed","title":"handles form accessibility features","duration":27.843500000002678,"failureMessages":[],"meta":{}},{"ancestorTitles":["Contact Component"],"fullName":"Contact Component handles form keyboard navigation","status":"passed","title":"handles form keyboard navigation","duration":169.4471999999987,"failureMessages":[],"meta":{}},{"ancestorTitles":["Contact Component"],"fullName":"Contact Component handles form state management","status":"passed","title":"handles form state management","duration":31.8125,"failureMessages":[],"meta":{}},{"ancestorTitles":["Contact Component"],"fullName":"Contact Component handles form state persistence","status":"passed","title":"handles form state persistence","duration":466.3734999999979,"failureMessages":[],"meta":{}},{"ancestorTitles":["Contact Component"],"fullName":"Contact Component handles form error recovery","status":"passed","title":"handles form error recovery","duration":282.5074999999997,"failureMessages":[],"meta":{}},{"ancestorTitles":["Contact Component"],"fullName":"Contact Component handles form performance optimization","status":"passed","title":"handles form performance optimization","duration":550.3921000000009,"failureMessages":[],"meta":{}},{"ancestorTitles":["Contact Component"],"fullName":"Contact Component handles form accessibility compliance","status":"passed","title":"handles form accessibility compliance","duration":32.12619999999879,"failureMessages":[],"meta":{}},{"ancestorTitles":["Contact Component"],"fullName":"Contact Component handles form data validation","status":"passed","title":"handles form data validation","duration":559.1249000000025,"failureMessages":[],"meta":{}},{"ancestorTitles":["Contact Component"],"fullName":"Contact Component handles form submission error handling","status":"passed","title":"handles form submission error handling","duration":71.63029999999708,"failureMessages":[],"meta":{}},{"ancestorTitles":["Contact Component"],"fullName":"Contact Component handles form field dependencies","status":"passed","title":"handles form field dependencies","duration":988.0371999999988,"failureMessages":[],"meta":{}},{"ancestorTitles":["Contact Component"],"fullName":"Contact Component shows correct toast message after successful form submission","status":"passed","title":"shows correct toast message after successful form submission","duration":1198.202699999998,"failureMessages":[],"meta":{}},{"ancestorTitles":["Contact Component"],"fullName":"Contact Component blocks disposable email addresses and shows a toast","status":"passed","title":"blocks disposable email addresses and shows a toast","duration":1170.3955000000024,"failureMessages":[],"meta":{}}],"startTime":1753481619412,"endTime":1753481629392.3955,"status":"passed","message":"","name":"C:/Users/shahh/Documents/GitHub/harsh-portfolio/src/components/__tests__/Contact.test.tsx"},{"assertionResults":[{"ancestorTitles":["CursorEffect Component"],"fullName":"CursorEffect Component renders cursor effect container","status":"passed","title":"renders cursor effect container","duration":82.58799999999974,"failureMessages":[],"meta":{}},{"ancestorTitles":["CursorEffect Component"],"fullName":"CursorEffect Component handles mouse move events","status":"passed","title":"handles mouse move events","duration":246.59550000000036,"failureMessages":[],"meta":{}},{"ancestorTitles":["CursorEffect Component"],"fullName":"CursorEffect Component handles mouse enter events","status":"passed","title":"handles mouse enter events","duration":20.03230000000076,"failureMessages":[],"meta":{}},{"ancestorTitles":["CursorEffect Component"],"fullName":"CursorEffect Component handles mouse leave events","status":"passed","title":"handles mouse leave events","duration":15.954999999999927,"failureMessages":[],"meta":{}},{"ancestorTitles":["CursorEffect Component"],"fullName":"CursorEffect Component handles window resize events","status":"passed","title":"handles window resize events","duration":11.759500000000116,"failureMessages":[],"meta":{}},{"ancestorTitles":["CursorEffect Component"],"fullName":"CursorEffect Component handles touch events on mobile","status":"passed","title":"handles touch events on mobile","duration":17.96140000000014,"failureMessages":[],"meta":{}},{"ancestorTitles":["CursorEffect Component"],"fullName":"CursorEffect Component handles performance optimization","status":"passed","title":"handles performance optimization","duration":22.02810000000045,"failureMessages":[],"meta":{}},{"ancestorTitles":["CursorEffect Component"],"fullName":"CursorEffect Component handles accessibility features","status":"passed","title":"handles accessibility features","duration":17.628700000000208,"failureMessages":[],"meta":{}},{"ancestorTitles":["CursorEffect Component"],"fullName":"CursorEffect Component handles state management","status":"passed","title":"handles state management","duration":17.844500000000153,"failureMessages":[],"meta":{}},{"ancestorTitles":["CursorEffect Component"],"fullName":"CursorEffect Component handles cleanup on unmount","status":"passed","title":"handles cleanup on unmount","duration":12.912800000000061,"failureMessages":[],"meta":{}}],"startTime":1753481611747,"endTime":1753481612212.9128,"status":"passed","message":"","name":"C:/Users/shahh/Documents/GitHub/harsh-portfolio/src/components/__tests__/CursorEffect.test.tsx"},{"assertionResults":[{"ancestorTitles":["Footer Component"],"fullName":"Footer Component renders footer with correct structure","status":"passed","title":"renders footer with correct structure","duration":325.7393000000002,"failureMessages":[],"meta":{}},{"ancestorTitles":["Footer Component"],"fullName":"Footer Component displays current year dynamically","status":"passed","title":"displays current year dynamically","duration":33.19160000000011,"failureMessages":[],"meta":{}},{"ancestorTitles":["Footer Component"],"fullName":"Footer Component renders social links","status":"passed","title":"renders social links","duration":151.08770000000004,"failureMessages":[],"meta":{}},{"ancestorTitles":["Footer Component"],"fullName":"Footer Component renders email link","status":"passed","title":"renders email link","duration":60.40070000000014,"failureMessages":[],"meta":{}},{"ancestorTitles":["Footer Component"],"fullName":"Footer Component applies gradient styling to links","status":"passed","title":"applies gradient styling to links","duration":79.51829999999973,"failureMessages":[],"meta":{}},{"ancestorTitles":["Footer Component"],"fullName":"Footer Component has proper accessibility attributes","status":"passed","title":"has proper accessibility attributes","duration":54.13210000000072,"failureMessages":[],"meta":{}},{"ancestorTitles":["Footer Component"],"fullName":"Footer Component renders with responsive design classes","status":"passed","title":"renders with responsive design classes","duration":29.761999999999716,"failureMessages":[],"meta":{}},{"ancestorTitles":["Footer Component"],"fullName":"Footer Component handles theme integration","status":"passed","title":"handles theme integration","duration":41.09299999999985,"failureMessages":[],"meta":{}},{"ancestorTitles":["Footer Component"],"fullName":"Footer Component handles year updates","status":"passed","title":"handles year updates","duration":15.92410000000018,"failureMessages":[],"meta":{}},{"ancestorTitles":["Footer Component"],"fullName":"Footer Component maintains consistent styling","status":"passed","title":"maintains consistent styling","duration":12.357700000000477,"failureMessages":[],"meta":{}},{"ancestorTitles":["Footer Component"],"fullName":"Footer Component handles link interactions","status":"passed","title":"handles link interactions","duration":64.8161,"failureMessages":[],"meta":{}},{"ancestorTitles":["Footer Component"],"fullName":"Footer Component handles footer component lifecycle","status":"passed","title":"handles footer component lifecycle","duration":24.157199999999648,"failureMessages":[],"meta":{}},{"ancestorTitles":["Footer Component"],"fullName":"Footer Component handles footer error boundaries","status":"passed","title":"handles footer error boundaries","duration":16.070700000000215,"failureMessages":[],"meta":{}},{"ancestorTitles":["Footer Component"],"fullName":"Footer Component handles footer performance optimization","status":"passed","title":"handles footer performance optimization","duration":22.596199999999953,"failureMessages":[],"meta":{}},{"ancestorTitles":["Footer Component"],"fullName":"Footer Component handles footer memory management","status":"passed","title":"handles footer memory management","duration":13.79780000000028,"failureMessages":[],"meta":{}},{"ancestorTitles":["Footer Component"],"fullName":"Footer Component handles footer accessibility compliance","status":"passed","title":"handles footer accessibility compliance","duration":18.454200000000128,"failureMessages":[],"meta":{}},{"ancestorTitles":["Footer Component"],"fullName":"Footer Component handles footer responsive behavior","status":"passed","title":"handles footer responsive behavior","duration":14.962599999999838,"failureMessages":[],"meta":{}},{"ancestorTitles":["Footer Component"],"fullName":"Footer Component handles footer data validation","status":"passed","title":"handles footer data validation","duration":20.89940000000024,"failureMessages":[],"meta":{}},{"ancestorTitles":["Footer Component"],"fullName":"Footer Component calls scrollToTop when Back to Top button is clicked","status":"passed","title":"calls scrollToTop when Back to Top button is clicked","duration":63.22990000000027,"failureMessages":[],"meta":{}}],"startTime":1753481612773,"endTime":1753481613836.23,"status":"passed","message":"","name":"C:/Users/shahh/Documents/GitHub/harsh-portfolio/src/components/__tests__/Footer.test.tsx"},{"assertionResults":[{"ancestorTitles":["Hero Component"],"fullName":"Hero Component renders hero section with correct structure","status":"passed","title":"renders hero section with correct structure","duration":814.6641,"failureMessages":[],"meta":{}},{"ancestorTitles":["Hero Component"],"fullName":"Hero Component displays hero content with name and title","status":"passed","title":"displays hero content with name and title","duration":132.35159999999996,"failureMessages":[],"meta":{}},{"ancestorTitles":["Hero Component"],"fullName":"Hero Component renders action buttons","status":"passed","title":"renders action buttons","duration":520.9755999999998,"failureMessages":[],"meta":{}},{"ancestorTitles":["Hero Component"],"fullName":"Hero Component displays statistics section","status":"passed","title":"displays statistics section","duration":125.33240000000114,"failureMessages":[],"meta":{}},{"ancestorTitles":["Hero Component"],"fullName":"Hero Component handles Get In Touch button click","status":"passed","title":"handles Get In Touch button click","duration":444.8078999999998,"failureMessages":[],"meta":{}},{"ancestorTitles":["Hero Component"],"fullName":"Hero Component handles scroll to about section","status":"passed","title":"handles scroll to about section","duration":101.68580000000111,"failureMessages":[],"meta":{}},{"ancestorTitles":["Hero Component"],"fullName":"Hero Component applies gradient styling to buttons","status":"passed","title":"applies gradient styling to buttons","duration":81.04740000000129,"failureMessages":[],"meta":{}},{"ancestorTitles":["Hero Component"],"fullName":"Hero Component applies gradient styling to statistics","status":"passed","title":"applies gradient styling to statistics","duration":51.11750000000029,"failureMessages":[],"meta":{}},{"ancestorTitles":["Hero Component"],"fullName":"Hero Component has proper accessibility attributes","status":"passed","title":"has proper accessibility attributes","duration":92.23639999999978,"failureMessages":[],"meta":{}},{"ancestorTitles":["Hero Component"],"fullName":"Hero Component renders with responsive design classes","status":"passed","title":"renders with responsive design classes","duration":60.51590000000033,"failureMessages":[],"meta":{}},{"ancestorTitles":["Hero Component"],"fullName":"Hero Component displays typewriter animation for name","status":"passed","title":"displays typewriter animation for name","duration":2352.6479,"failureMessages":[],"meta":{}},{"ancestorTitles":["Hero Component"],"fullName":"Hero Component displays typewriter animation for titles","status":"passed","title":"displays typewriter animation for titles","duration":1808.6642999999985,"failureMessages":[],"meta":{}}],"startTime":1753481614484,"endTime":1753481621070.6643,"status":"passed","message":"","name":"C:/Users/shahh/Documents/GitHub/harsh-portfolio/src/components/__tests__/Hero.test.tsx"},{"assertionResults":[{"ancestorTitles":["MobileMenuContext.utils","MobileMenuContext"],"fullName":"MobileMenuContext.utils MobileMenuContext should export MobileMenuContext","status":"passed","title":"should export MobileMenuContext","duration":3.863100000000486,"failureMessages":[],"meta":{}},{"ancestorTitles":["MobileMenuContext.utils","MobileMenuContext"],"fullName":"MobileMenuContext.utils MobileMenuContext should have correct context type","status":"passed","title":"should have correct context type","duration":0.6637000000000626,"failureMessages":[],"meta":{}},{"ancestorTitles":["MobileMenuContext.utils","useMobileMenu"],"fullName":"MobileMenuContext.utils useMobileMenu should export useMobileMenu function","status":"passed","title":"should export useMobileMenu function","duration":0.6238000000003012,"failureMessages":[],"meta":{}},{"ancestorTitles":["MobileMenuContext.utils","useMobileMenu"],"fullName":"MobileMenuContext.utils useMobileMenu should return context when used within provider","status":"passed","title":"should return context when used within provider","duration":32.65059999999994,"failureMessages":[],"meta":{}},{"ancestorTitles":["MobileMenuContext.utils","useMobileMenu"],"fullName":"MobileMenuContext.utils useMobileMenu should return context with true isMobileMenuOpen","status":"passed","title":"should return context with true isMobileMenuOpen","duration":8.62119999999959,"failureMessages":[],"meta":{}},{"ancestorTitles":["MobileMenuContext.utils","useMobileMenu"],"fullName":"MobileMenuContext.utils useMobileMenu should throw error when used outside provider","status":"passed","title":"should throw error when used outside provider","duration":55.38879999999972,"failureMessages":[],"meta":{}},{"ancestorTitles":["MobileMenuContext.utils","useMobileMenu"],"fullName":"MobileMenuContext.utils useMobileMenu should call setIsMobileMenuOpen when provided","status":"passed","title":"should call setIsMobileMenuOpen when provided","duration":11.020700000000033,"failureMessages":[],"meta":{}},{"ancestorTitles":["MobileMenuContext.utils","useMobileMenu"],"fullName":"MobileMenuContext.utils useMobileMenu should handle context with undefined value","status":"passed","title":"should handle context with undefined value","duration":13.665400000000773,"failureMessages":[],"meta":{}}],"startTime":1753481620327,"endTime":1753481620454.6653,"status":"passed","message":"","name":"C:/Users/shahh/Documents/GitHub/harsh-portfolio/src/components/__tests__/MobileMenuContext.utils.test.tsx"},{"assertionResults":[{"ancestorTitles":["Navigation.constants","navItems"],"fullName":"Navigation.constants navItems should export navItems array with correct structure","status":"passed","title":"should export navItems array with correct structure","duration":3.295600000000377,"failureMessages":[],"meta":{}},{"ancestorTitles":["Navigation.constants","navItems"],"fullName":"Navigation.constants navItems should have correct navigation items","status":"passed","title":"should have correct navigation items","duration":2.0581999999999425,"failureMessages":[],"meta":{}},{"ancestorTitles":["Navigation.constants","navItems"],"fullName":"Navigation.constants navItems should have valid href values for each item","status":"passed","title":"should have valid href values for each item","duration":1.623899999999594,"failureMessages":[],"meta":{}},{"ancestorTitles":["Navigation.constants","navItems"],"fullName":"Navigation.constants navItems should have valid label values for each item","status":"passed","title":"should have valid label values for each item","duration":0.903700000000299,"failureMessages":[],"meta":{}},{"ancestorTitles":["Navigation.constants","socialLinks"],"fullName":"Navigation.constants socialLinks should export socialLinks array with correct structure","status":"passed","title":"should export socialLinks array with correct structure","duration":0.5576999999998407,"failureMessages":[],"meta":{}},{"ancestorTitles":["Navigation.constants","socialLinks"],"fullName":"Navigation.constants socialLinks should have correct social links","status":"passed","title":"should have correct social links","duration":0.49479999999994106,"failureMessages":[],"meta":{}},{"ancestorTitles":["Navigation.constants","socialLinks"],"fullName":"Navigation.constants socialLinks should have valid href values for each social link","status":"passed","title":"should have valid href values for each social link","duration":0.7515000000003056,"failureMessages":[],"meta":{}},{"ancestorTitles":["Navigation.constants","socialLinks"],"fullName":"Navigation.constants socialLinks should have valid label values for each social link","status":"passed","title":"should have valid label values for each social link","duration":0.4652000000000953,"failureMessages":[],"meta":{}},{"ancestorTitles":["Navigation.constants","socialLinks"],"fullName":"Navigation.constants socialLinks should have icon functions for each social link","status":"passed","title":"should have icon functions for each social link","duration":0.529700000000048,"failureMessages":[],"meta":{}},{"ancestorTitles":["Navigation.constants","socialLinks"],"fullName":"Navigation.constants socialLinks should have Dashboard link pointing to correct path","status":"passed","title":"should have Dashboard link pointing to correct path","duration":0.41400000000021464,"failureMessages":[],"meta":{}},{"ancestorTitles":["Navigation.constants","socialLinks"],"fullName":"Navigation.constants socialLinks should have GitHub link with valid URL","status":"passed","title":"should have GitHub link with valid URL","duration":0.2844999999997526,"failureMessages":[],"meta":{}},{"ancestorTitles":["Navigation.constants","socialLinks"],"fullName":"Navigation.constants socialLinks should have LinkedIn link with valid URL","status":"passed","title":"should have LinkedIn link with valid URL","duration":0.3022000000000844,"failureMessages":[],"meta":{}}],"startTime":1753481621543,"endTime":1753481621556.3022,"status":"passed","message":"","name":"C:/Users/shahh/Documents/GitHub/harsh-portfolio/src/components/__tests__/Navigation.constants.test.ts"},{"assertionResults":[{"ancestorTitles":["Navigation Component"],"fullName":"Navigation Component renders navigation with logo","status":"passed","title":"renders navigation with logo","duration":492.2375000000011,"failureMessages":[],"meta":{}},{"ancestorTitles":["Navigation Component"],"fullName":"Navigation Component displays desktop navigation items","status":"passed","title":"displays desktop navigation items","duration":850.7891999999993,"failureMessages":[],"meta":{}},{"ancestorTitles":["Navigation Component"],"fullName":"Navigation Component handles navigation item clicks","status":"passed","title":"handles navigation item clicks","duration":383.5692999999992,"failureMessages":[],"meta":{}},{"ancestorTitles":["Navigation Component"],"fullName":"Navigation Component displays theme toggle in desktop view","status":"passed","title":"displays theme toggle in desktop view","duration":74.43740000000071,"failureMessages":[],"meta":{}},{"ancestorTitles":["Navigation Component"],"fullName":"Navigation Component displays social links in desktop view","status":"passed","title":"displays social links in desktop view","duration":42.720400000000154,"failureMessages":[],"meta":{}},{"ancestorTitles":["Navigation Component"],"fullName":"Navigation Component renders dashboard link","status":"passed","title":"renders dashboard link","duration":33.02520000000004,"failureMessages":[],"meta":{}},{"ancestorTitles":["Navigation Component"],"fullName":"Navigation Component applies scroll-based styling","status":"passed","title":"applies scroll-based styling","duration":46.1262999999999,"failureMessages":[],"meta":{}},{"ancestorTitles":["Navigation Component"],"fullName":"Navigation Component has proper accessibility attributes","status":"passed","title":"has proper accessibility attributes","duration":34.3783999999996,"failureMessages":[],"meta":{}},{"ancestorTitles":["Navigation Component"],"fullName":"Navigation Component applies hover effects to navigation items","status":"passed","title":"applies hover effects to navigation items","duration":100.16589999999997,"failureMessages":[],"meta":{}},{"ancestorTitles":["Navigation Component"],"fullName":"Navigation Component applies hover effects to social links","status":"passed","title":"applies hover effects to social links","duration":58.415500000000975,"failureMessages":[],"meta":{}},{"ancestorTitles":["Navigation Component"],"fullName":"Navigation Component handles theme toggle functionality","status":"passed","title":"handles theme toggle functionality","duration":118.48509999999987,"failureMessages":[],"meta":{}},{"ancestorTitles":["Navigation Component"],"fullName":"Navigation Component handles keyboard navigation","status":"passed","title":"handles keyboard navigation","duration":70.99339999999938,"failureMessages":[],"meta":{}},{"ancestorTitles":["Navigation Component"],"fullName":"Navigation Component handles focus management","status":"passed","title":"handles focus management","duration":46.839500000000044,"failureMessages":[],"meta":{}},{"ancestorTitles":["Navigation Component"],"fullName":"Navigation Component handles aria-expanded state for mobile menu","status":"passed","title":"handles aria-expanded state for mobile menu","duration":57.95269999999982,"failureMessages":[],"meta":{}},{"ancestorTitles":["Navigation Component"],"fullName":"Navigation Component handles logo click","status":"passed","title":"handles logo click","duration":16.174300000000585,"failureMessages":[],"meta":{}},{"ancestorTitles":["Navigation Component"],"fullName":"Navigation Component handles mobile menu item clicks","status":"passed","title":"handles mobile menu item clicks","duration":39.113100000000486,"failureMessages":[],"meta":{}},{"ancestorTitles":["Navigation Component"],"fullName":"Navigation Component handles mobile menu toggle","status":"passed","title":"handles mobile menu toggle","duration":45.55110000000059,"failureMessages":[],"meta":{}},{"ancestorTitles":["Navigation Component"],"fullName":"Navigation Component handles dashboard link click","status":"passed","title":"handles dashboard link click","duration":16.744699999999284,"failureMessages":[],"meta":{}},{"ancestorTitles":["Navigation Component"],"fullName":"Navigation Component handles scroll behavior","status":"passed","title":"handles scroll behavior","duration":35.58520000000135,"failureMessages":[],"meta":{}},{"ancestorTitles":["Navigation Component"],"fullName":"Navigation Component handles window resize events","status":"passed","title":"handles window resize events","duration":25.379100000000108,"failureMessages":[],"meta":{}},{"ancestorTitles":["Navigation Component"],"fullName":"Navigation Component handles navigation item hover states","status":"passed","title":"handles navigation item hover states","duration":90.52850000000035,"failureMessages":[],"meta":{}},{"ancestorTitles":["Navigation Component"],"fullName":"Navigation Component handles theme toggle hover states","status":"passed","title":"handles theme toggle hover states","duration":204.8068999999996,"failureMessages":[],"meta":{}},{"ancestorTitles":["Navigation Component"],"fullName":"Navigation Component handles navigation item focus states","status":"passed","title":"handles navigation item focus states","duration":205.01140000000123,"failureMessages":[],"meta":{}},{"ancestorTitles":["Navigation Component"],"fullName":"Navigation Component handles social link interactions","status":"passed","title":"handles social link interactions","duration":155.02049999999872,"failureMessages":[],"meta":{}},{"ancestorTitles":["Navigation Component"],"fullName":"Navigation Component handles navigation item keyboard interactions","status":"passed","title":"handles navigation item keyboard interactions","duration":295.1406999999999,"failureMessages":[],"meta":{}},{"ancestorTitles":["Navigation Component"],"fullName":"Navigation Component handles theme toggle keyboard interactions","status":"passed","title":"handles theme toggle keyboard interactions","duration":361.28260000000046,"failureMessages":[],"meta":{}},{"ancestorTitles":["Navigation Component"],"fullName":"Navigation Component handles navigation accessibility features","status":"passed","title":"handles navigation accessibility features","duration":224.45340000000033,"failureMessages":[],"meta":{}},{"ancestorTitles":["Navigation Component"],"fullName":"Navigation Component handles navigation state management","status":"passed","title":"handles navigation state management","duration":157.04049999999916,"failureMessages":[],"meta":{}},{"ancestorTitles":["Navigation Component"],"fullName":"Navigation Component handles mobile menu state transitions","status":"passed","title":"handles mobile menu state transitions","duration":59.106799999999566,"failureMessages":[],"meta":{}},{"ancestorTitles":["Navigation Component"],"fullName":"Navigation Component handles theme toggle with keyboard","status":"passed","title":"handles theme toggle with keyboard","duration":295.8132000000005,"failureMessages":[],"meta":{}},{"ancestorTitles":["Navigation Component"],"fullName":"Navigation Component handles navigation accessibility features","status":"passed","title":"handles navigation accessibility features","duration":131.37890000000152,"failureMessages":[],"meta":{}},{"ancestorTitles":["Navigation Component"],"fullName":"Navigation Component handles navigation performance optimization","status":"passed","title":"handles navigation performance optimization","duration":90.10699999999997,"failureMessages":[],"meta":{}},{"ancestorTitles":["Navigation Component"],"fullName":"Navigation Component handles navigation error boundaries","status":"passed","title":"handles navigation error boundaries","duration":129.0611000000008,"failureMessages":[],"meta":{}},{"ancestorTitles":["Navigation Component"],"fullName":"Navigation Component changes nav bar class on scroll event","status":"passed","title":"changes nav bar class on scroll event","duration":105.26590000000033,"failureMessages":[],"meta":{}},{"ancestorTitles":["Navigation Component"],"fullName":"Navigation Component closes mobile menu when overlay is clicked","status":"passed","title":"closes mobile menu when overlay is clicked","duration":93.98990000000049,"failureMessages":[],"meta":{}},{"ancestorTitles":["Navigation Component"],"fullName":"Navigation Component scrollToSection does nothing if section does not exist","status":"passed","title":"scrollToSection does nothing if section does not exist","duration":51.64040000000023,"failureMessages":[],"meta":{}},{"ancestorTitles":["Navigation Component"],"fullName":"Navigation Component renders all social icons","status":"passed","title":"renders all social icons","duration":86.06470000000081,"failureMessages":[],"meta":{}},{"ancestorTitles":["Navigation Component"],"fullName":"Navigation Component toggles mobile menu open and closed multiple times","status":"passed","title":"toggles mobile menu open and closed multiple times","duration":132.25210000000152,"failureMessages":[],"meta":{}},{"ancestorTitles":["Navigation Component"],"fullName":"Navigation Component closes mobile menu when close button is clicked","status":"passed","title":"closes mobile menu when close button is clicked","duration":118.20240000000013,"failureMessages":[],"meta":{}},{"ancestorTitles":["Navigation Component"],"fullName":"Navigation Component handles scroll event and updates isScrolled state","status":"passed","title":"handles scroll event and updates isScrolled state","duration":112.85379999999896,"failureMessages":[],"meta":{}},{"ancestorTitles":["Navigation Component"],"fullName":"Navigation Component handles scroll event cleanup on unmount","status":"passed","title":"handles scroll event cleanup on unmount","duration":55.376900000001115,"failureMessages":[],"meta":{}},{"ancestorTitles":["Navigation Component"],"fullName":"Navigation Component calls scrollToSection with correct parameters for each nav item","status":"passed","title":"calls scrollToSection with correct parameters for each nav item","duration":737.5895999999993,"failureMessages":[],"meta":{}},{"ancestorTitles":["Navigation Component"],"fullName":"Navigation Component handles scrollToSection when element does not exist","status":"passed","title":"handles scrollToSection when element does not exist","duration":117.35330000000067,"failureMessages":[],"meta":{}},{"ancestorTitles":["Navigation Component"],"fullName":"Navigation Component toggles mobile menu state correctly","status":"passed","title":"toggles mobile menu state correctly","duration":82.90590000000157,"failureMessages":[],"meta":{}},{"ancestorTitles":["Navigation Component"],"fullName":"Navigation Component renders SocialIconButton with correct props","status":"passed","title":"renders SocialIconButton with correct props","duration":18.52520000000004,"failureMessages":[],"meta":{}},{"ancestorTitles":["Navigation Component"],"fullName":"Navigation Component renders SocialIcons component with all social links","status":"passed","title":"renders SocialIcons component with all social links","duration":18.024900000000343,"failureMessages":[],"meta":{}},{"ancestorTitles":["Navigation Component"],"fullName":"Navigation Component handles mobile menu navigation item clicks","status":"passed","title":"handles mobile menu navigation item clicks","duration":55.69460000000072,"failureMessages":[],"meta":{}},{"ancestorTitles":["Navigation Component"],"fullName":"Navigation Component handles mobile menu overlay click to close","status":"passed","title":"handles mobile menu overlay click to close","duration":72.12200000000121,"failureMessages":[],"meta":{}},{"ancestorTitles":["Navigation Component"],"fullName":"Navigation Component handles mobile menu close button click","status":"passed","title":"handles mobile menu close button click","duration":49.35280000000057,"failureMessages":[],"meta":{}},{"ancestorTitles":["Navigation Component"],"fullName":"Navigation Component applies correct styling based on scroll state","status":"passed","title":"applies correct styling based on scroll state","duration":37.942699999999604,"failureMessages":[],"meta":{}},{"ancestorTitles":["Navigation Component"],"fullName":"Navigation Component handles window resize events correctly","status":"passed","title":"handles window resize events correctly","duration":37.523699999999735,"failureMessages":[],"meta":{}},{"ancestorTitles":["Navigation Component"],"fullName":"Navigation Component handles edge case: scroll event with invalid scrollY","status":"passed","title":"handles edge case: scroll event with invalid scrollY","duration":50.6302999999989,"failureMessages":[],"meta":{}},{"ancestorTitles":["Navigation Component"],"fullName":"Navigation Component handles multiple rapid scroll events","status":"passed","title":"handles multiple rapid scroll events","duration":25.308899999999994,"failureMessages":[],"meta":{}},{"ancestorTitles":["Navigation Component"],"fullName":"Navigation Component handles component unmount during scroll event","status":"passed","title":"handles component unmount during scroll event","duration":15.730900000000474,"failureMessages":[],"meta":{}}],"startTime":1753481614841,"endTime":1753481621905.731,"status":"passed","message":"","name":"C:/Users/shahh/Documents/GitHub/harsh-portfolio/src/components/__tests__/Navigation.test.tsx"},{"assertionResults":[{"ancestorTitles":["Navigation internal functions"],"fullName":"Navigation internal functions scrollToSection scrolls to element and closes menu","status":"passed","title":"scrollToSection scrolls to element and closes menu","duration":7.158500000000004,"failureMessages":[],"meta":{}},{"ancestorTitles":["Navigation internal functions"],"fullName":"Navigation internal functions scrollToSection does nothing if element does not exist","status":"passed","title":"scrollToSection does nothing if element does not exist","duration":3.5815999999999804,"failureMessages":[],"meta":{}},{"ancestorTitles":["Navigation internal functions"],"fullName":"Navigation internal functions scrollToSection handles empty href gracefully","status":"passed","title":"scrollToSection handles empty href gracefully","duration":1.4785000000001673,"failureMessages":[],"meta":{}},{"ancestorTitles":["Navigation internal functions"],"fullName":"Navigation internal functions SocialIcons renders all provided social links","status":"passed","title":"SocialIcons renders all provided social links","duration":100.18280000000004,"failureMessages":[],"meta":{}},{"ancestorTitles":["Navigation internal functions"],"fullName":"Navigation internal functions SocialIcons renders nothing with empty array","status":"passed","title":"SocialIcons renders nothing with empty array","duration":3.805199999999786,"failureMessages":[],"meta":{}}],"startTime":1753481618380,"endTime":1753481618495.8052,"status":"passed","message":"","name":"C:/Users/shahh/Documents/GitHub/harsh-portfolio/src/components/__tests__/Navigation.unit.test.ts"},{"assertionResults":[{"ancestorTitles":["Navigation.utils","scrollToSection"],"fullName":"Navigation.utils scrollToSection should export scrollToSection function","status":"passed","title":"should export scrollToSection function","duration":3.202299999999923,"failureMessages":[],"meta":{}},{"ancestorTitles":["Navigation.utils","scrollToSection"],"fullName":"Navigation.utils scrollToSection should call scrollToSection with correct parameters","status":"passed","title":"should call scrollToSection with correct parameters","duration":5.536000000000058,"failureMessages":[],"meta":{}},{"ancestorTitles":["Navigation.utils","scrollToSection"],"fullName":"Navigation.utils scrollToSection should handle null element gracefully","status":"passed","title":"should handle null element gracefully","duration":3.088999999999942,"failureMessages":[],"meta":{}},{"ancestorTitles":["Navigation.utils","scrollToSection"],"fullName":"Navigation.utils scrollToSection should handle empty href gracefully","status":"passed","title":"should handle empty href gracefully","duration":1.0463999999997213,"failureMessages":[],"meta":{}},{"ancestorTitles":["Navigation.utils","scrollToSection"],"fullName":"Navigation.utils scrollToSection should handle undefined href gracefully","status":"passed","title":"should handle undefined href gracefully","duration":1.1244000000001506,"failureMessages":[],"meta":{}},{"ancestorTitles":["Navigation.utils","scrollToSection"],"fullName":"Navigation.utils scrollToSection should handle different href formats","status":"passed","title":"should handle different href formats","duration":1.642699999999877,"failureMessages":[],"meta":{}},{"ancestorTitles":["Navigation.utils","scrollToSection"],"fullName":"Navigation.utils scrollToSection should always close mobile menu regardless of element existence","status":"passed","title":"should always close mobile menu regardless of element existence","duration":0.996900000000096,"failureMessages":[],"meta":{}},{"ancestorTitles":["Navigation.utils","scrollToSection"],"fullName":"Navigation.utils scrollToSection should handle element without scrollIntoView method","status":"passed","title":"should handle element without scrollIntoView method","duration":0.9776999999999134,"failureMessages":[],"meta":{}}],"startTime":1753481620784,"endTime":1753481620801.9778,"status":"passed","message":"","name":"C:/Users/shahh/Documents/GitHub/harsh-portfolio/src/components/__tests__/Navigation.utils.test.ts"},{"assertionResults":[{"ancestorTitles":["Projects Component"],"fullName":"Projects Component renders projects section","status":"passed","title":"renders projects section","duration":463.3525000000009,"failureMessages":[],"meta":{}},{"ancestorTitles":["Projects Component"],"fullName":"Projects Component displays section title","status":"passed","title":"displays section title","duration":473.7636999999995,"failureMessages":[],"meta":{}},{"ancestorTitles":["Projects Component"],"fullName":"Projects Component displays section description","status":"passed","title":"displays section description","duration":76.33430000000044,"failureMessages":[],"meta":{}},{"ancestorTitles":["Projects Component"],"fullName":"Projects Component displays featured projects section","status":"passed","title":"displays featured projects section","duration":121.02909999999974,"failureMessages":[],"meta":{}},{"ancestorTitles":["Projects Component"],"fullName":"Projects Component renders project cards with correct information","status":"passed","title":"renders project cards with correct information","duration":124.76749999999993,"failureMessages":[],"meta":{}},{"ancestorTitles":["Projects Component"],"fullName":"Projects Component displays project images","status":"passed","title":"displays project images","duration":205.7474999999995,"failureMessages":[],"meta":{}},{"ancestorTitles":["Projects Component"],"fullName":"Projects Component displays project titles","status":"passed","title":"displays project titles","duration":105.18119999999908,"failureMessages":[],"meta":{}},{"ancestorTitles":["Projects Component"],"fullName":"Projects Component displays project descriptions","status":"passed","title":"displays project descriptions","duration":62.44710000000123,"failureMessages":[],"meta":{}},{"ancestorTitles":["Projects Component"],"fullName":"Projects Component displays project technologies","status":"passed","title":"displays project technologies","duration":46.93080000000009,"failureMessages":[],"meta":{}},{"ancestorTitles":["Projects Component"],"fullName":"Projects Component displays project links","status":"passed","title":"displays project links","duration":77.16899999999987,"failureMessages":[],"meta":{}},{"ancestorTitles":["Projects Component"],"fullName":"Projects Component handles carousel navigation for featured projects","status":"passed","title":"handles carousel navigation for featured projects","duration":347.7332999999999,"failureMessages":[],"meta":{}},{"ancestorTitles":["Projects Component"],"fullName":"Projects Component handles carousel navigation for other projects","status":"passed","title":"handles carousel navigation for other projects","duration":43.460800000000745,"failureMessages":[],"meta":{}},{"ancestorTitles":["Projects Component"],"fullName":"Projects Component applies hover effects to project cards","status":"passed","title":"applies hover effects to project cards","duration":34.68920000000071,"failureMessages":[],"meta":{}},{"ancestorTitles":["Projects Component"],"fullName":"Projects Component applies gradient styling to buttons","status":"passed","title":"applies gradient styling to buttons","duration":42.141899999998714,"failureMessages":[],"meta":{}},{"ancestorTitles":["Projects Component"],"fullName":"Projects Component has proper accessibility attributes","status":"passed","title":"has proper accessibility attributes","duration":60.14420000000064,"failureMessages":[],"meta":{}},{"ancestorTitles":["Projects Component"],"fullName":"Projects Component handles auto-scrolling functionality","status":"passed","title":"handles auto-scrolling functionality","duration":45.469999999999345,"failureMessages":[],"meta":{}},{"ancestorTitles":["Projects Component"],"fullName":"Projects Component handles project card interactions","status":"passed","title":"handles project card interactions","duration":91.96370000000024,"failureMessages":[],"meta":{}},{"ancestorTitles":["Projects Component"],"fullName":"Projects Component handles carousel auto-scrolling functionality","status":"passed","title":"handles carousel auto-scrolling functionality","duration":33.584100000000035,"failureMessages":[],"meta":{}},{"ancestorTitles":["Projects Component"],"fullName":"Projects Component handles mobile responsive behavior","status":"passed","title":"handles mobile responsive behavior","duration":87.17169999999896,"failureMessages":[],"meta":{}},{"ancestorTitles":["Projects Component"],"fullName":"Projects Component handles carousel pause on hover for featured projects","status":"passed","title":"handles carousel pause on hover for featured projects","duration":285.86099999999897,"failureMessages":[],"meta":{}},{"ancestorTitles":["Projects Component"],"fullName":"Projects Component handles carousel pause on hover for other projects","status":"passed","title":"handles carousel pause on hover for other projects","duration":283.42269999999917,"failureMessages":[],"meta":{}},{"ancestorTitles":["Projects Component"],"fullName":"Projects Component handles navigation button accessibility","status":"passed","title":"handles navigation button accessibility","duration":239.40949999999975,"failureMessages":[],"meta":{}},{"ancestorTitles":["Projects Component"],"fullName":"Projects Component handles carousel transition animations","status":"passed","title":"handles carousel transition animations","duration":258.20310000000063,"failureMessages":[],"meta":{}},{"ancestorTitles":["Projects Component"],"fullName":"Projects Component handles project card hover effects","status":"passed","title":"handles project card hover effects","duration":416.4347000000016,"failureMessages":[],"meta":{}},{"ancestorTitles":["Projects Component"],"fullName":"Projects Component handles section icon interactions","status":"passed","title":"handles section icon interactions","duration":154.4363000000012,"failureMessages":[],"meta":{}},{"ancestorTitles":["Projects Component"],"fullName":"Projects Component handles external link accessibility","status":"passed","title":"handles external link accessibility","duration":240.27249999999913,"failureMessages":[],"meta":{}},{"ancestorTitles":["Projects Component"],"fullName":"Projects Component handles carousel infinite scrolling","status":"passed","title":"handles carousel infinite scrolling","duration":177.08970000000045,"failureMessages":[],"meta":{}},{"ancestorTitles":["Projects Component"],"fullName":"Projects Component handles carousel reverse scrolling","status":"passed","title":"handles carousel reverse scrolling","duration":190.3786,"failureMessages":[],"meta":{}},{"ancestorTitles":["Projects Component"],"fullName":"Projects Component displays correct number of featured projects","status":"passed","title":"displays correct number of featured projects","duration":110.16350000000057,"failureMessages":[],"meta":{}},{"ancestorTitles":["Projects Component"],"fullName":"Projects Component handles window resize events","status":"passed","title":"handles window resize events","duration":109.46240000000034,"failureMessages":[],"meta":{}},{"ancestorTitles":["Projects Component"],"fullName":"Projects Component handles carousel pause on hover","status":"passed","title":"handles carousel pause on hover","duration":312.09520000000157,"failureMessages":[],"meta":{}},{"ancestorTitles":["Projects Component"],"fullName":"Projects Component handles carousel resume after hover","status":"passed","title":"handles carousel resume after hover","duration":227.14749999999913,"failureMessages":[],"meta":{}},{"ancestorTitles":["Projects Component"],"fullName":"Projects Component handles carousel navigation with keyboard","status":"passed","title":"handles carousel navigation with keyboard","duration":226.60269999999946,"failureMessages":[],"meta":{}},{"ancestorTitles":["Projects Component"],"fullName":"Projects Component handles carousel infinite scrolling","status":"passed","title":"handles carousel infinite scrolling","duration":116.2568999999985,"failureMessages":[],"meta":{}},{"ancestorTitles":["Projects Component"],"fullName":"Projects Component handles carousel auto-scroll intervals","status":"passed","title":"handles carousel auto-scroll intervals","duration":143.47580000000016,"failureMessages":[],"meta":{}},{"ancestorTitles":["Projects Component"],"fullName":"Projects Component handles carousel responsive breakpoints","status":"passed","title":"handles carousel responsive breakpoints","duration":208.22689999999966,"failureMessages":[],"meta":{}},{"ancestorTitles":["Projects Component"],"fullName":"Projects Component handles carousel touch events","status":"passed","title":"handles carousel touch events","duration":51.21689999999944,"failureMessages":[],"meta":{}},{"ancestorTitles":["Projects Component"],"fullName":"Projects Component handles carousel performance optimization","status":"passed","title":"handles carousel performance optimization","duration":79.03019999999924,"failureMessages":[],"meta":{}},{"ancestorTitles":["Projects Component"],"fullName":"Projects Component handles carousel state initialization","status":"passed","title":"handles carousel state initialization","duration":48.03269999999975,"failureMessages":[],"meta":{}},{"ancestorTitles":["Projects Component"],"fullName":"Projects Component handles carousel cleanup on unmount","status":"passed","title":"handles carousel cleanup on unmount","duration":41.3107,"failureMessages":[],"meta":{}},{"ancestorTitles":["Projects Component"],"fullName":"Projects Component handles carousel error handling","status":"passed","title":"handles carousel error handling","duration":32.64719999999943,"failureMessages":[],"meta":{}},{"ancestorTitles":["Projects Component"],"fullName":"Projects Component handles carousel performance monitoring","status":"passed","title":"handles carousel performance monitoring","duration":51.37830000000031,"failureMessages":[],"meta":{}},{"ancestorTitles":["Projects Component"],"fullName":"Projects Component handles carousel memory management","status":"passed","title":"handles carousel memory management","duration":43.22389999999905,"failureMessages":[],"meta":{}},{"ancestorTitles":["Projects Component"],"fullName":"Projects Component handles carousel accessibility compliance","status":"passed","title":"handles carousel accessibility compliance","duration":39.23500000000058,"failureMessages":[],"meta":{}},{"ancestorTitles":["Projects Component"],"fullName":"Projects Component handles carousel responsive breakpoint changes","status":"passed","title":"handles carousel responsive breakpoint changes","duration":160.66070000000036,"failureMessages":[],"meta":{}},{"ancestorTitles":["Projects Component"],"fullName":"Projects Component handles carousel data validation","status":"passed","title":"handles carousel data validation","duration":38.58009999999922,"failureMessages":[],"meta":{}},{"ancestorTitles":["Projects Component"],"fullName":"Projects Component handles hover events gracefully when there is a minimal project","status":"passed","title":"handles hover events gracefully when there is a minimal project","duration":132.8806999999997,"failureMessages":[],"meta":{}},{"ancestorTitles":["Projects Component"],"fullName":"Projects Component renders carousel correctly with a single project","status":"passed","title":"renders carousel correctly with a single project","duration":90.60889999999927,"failureMessages":[],"meta":{}},{"ancestorTitles":["Projects Component"],"fullName":"Projects Component navigation buttons work at boundaries","status":"passed","title":"navigation buttons work at boundaries","duration":36.85739999999896,"failureMessages":[],"meta":{}},{"ancestorTitles":["Projects Component"],"fullName":"Projects Component pause and resume logic for auto-scrolling works","status":"passed","title":"pause and resume logic for auto-scrolling works","duration":70.48480000000018,"failureMessages":[],"meta":{}},{"ancestorTitles":["Projects Component"],"fullName":"Projects Component calls navigation and hover handlers directly for coverage","status":"passed","title":"calls navigation and hover handlers directly for coverage","duration":254.76599999999962,"failureMessages":[],"meta":{}}],"startTime":1753481614943,"endTime":1753481622369.766,"status":"passed","message":"","name":"C:/Users/shahh/Documents/GitHub/harsh-portfolio/src/components/__tests__/Projects.test.tsx"},{"assertionResults":[{"ancestorTitles":["Projects internal functions"],"fullName":"Projects internal functions scrollToFeatured calls prev or next","status":"passed","title":"scrollToFeatured calls prev or next","duration":3.43730000000005,"failureMessages":[],"meta":{}},{"ancestorTitles":["Projects internal functions"],"fullName":"Projects internal functions scrollToOther calls prev or next","status":"passed","title":"scrollToOther calls prev or next","duration":1.1648999999997613,"failureMessages":[],"meta":{}},{"ancestorTitles":["Projects internal functions"],"fullName":"Projects internal functions scrollToFeaturedMobile calls prev or next","status":"passed","title":"scrollToFeaturedMobile calls prev or next","duration":0.767699999999877,"failureMessages":[],"meta":{}},{"ancestorTitles":["Projects internal functions"],"fullName":"Projects internal functions scrollToOtherMobile calls prev or next","status":"passed","title":"scrollToOtherMobile calls prev or next","duration":0.44020000000000437,"failureMessages":[],"meta":{}},{"ancestorTitles":["Projects internal functions"],"fullName":"Projects internal functions handleFeaturedHover calls pause/resume and sets hover state","status":"passed","title":"handleFeaturedHover calls pause/resume and sets hover state","duration":3.1878999999998996,"failureMessages":[],"meta":{}},{"ancestorTitles":["Projects internal functions"],"fullName":"Projects internal functions handleOtherHover calls pause/resume and sets hover state","status":"passed","title":"handleOtherHover calls pause/resume and sets hover state","duration":0.7757000000001426,"failureMessages":[],"meta":{}},{"ancestorTitles":["Projects internal functions"],"fullName":"Projects internal functions scrollToFeatured calls next for invalid direction","status":"passed","title":"scrollToFeatured calls next for invalid direction","duration":0.354200000000219,"failureMessages":[],"meta":{}}],"startTime":1753481621504,"endTime":1753481621514.3542,"status":"passed","message":"","name":"C:/Users/shahh/Documents/GitHub/harsh-portfolio/src/components/__tests__/Projects.unit.test.ts"},{"assertionResults":[{"ancestorTitles":["Skills Component"],"fullName":"Skills Component renders skills section","status":"passed","title":"renders skills section","duration":145.2430000000004,"failureMessages":[],"meta":{}},{"ancestorTitles":["Skills Component"],"fullName":"Skills Component displays section title","status":"passed","title":"displays section title","duration":221.35650000000078,"failureMessages":[],"meta":{}},{"ancestorTitles":["Skills Component"],"fullName":"Skills Component displays section description","status":"passed","title":"displays section description","duration":38.55629999999928,"failureMessages":[],"meta":{}},{"ancestorTitles":["Skills Component"],"fullName":"Skills Component displays skill categories","status":"passed","title":"displays skill categories","duration":67.36999999999989,"failureMessages":[],"meta":{}},{"ancestorTitles":["Skills Component"],"fullName":"Skills Component displays skill tags","status":"passed","title":"displays skill tags","duration":477.27250000000095,"failureMessages":[],"meta":{}},{"ancestorTitles":["Skills Component"],"fullName":"Skills Component applies gradient styling to skill tags","status":"passed","title":"applies gradient styling to skill tags","duration":236.42150000000038,"failureMessages":[],"meta":{}},{"ancestorTitles":["Skills Component"],"fullName":"Skills Component has proper accessibility attributes","status":"passed","title":"has proper accessibility attributes","duration":200.7538999999997,"failureMessages":[],"meta":{}},{"ancestorTitles":["Skills Component"],"fullName":"Skills Component handles responsive design","status":"passed","title":"handles responsive design","duration":132.84339999999975,"failureMessages":[],"meta":{}},{"ancestorTitles":["Skills Component"],"fullName":"Skills Component handles theme integration","status":"passed","title":"handles theme integration","duration":108.40090000000055,"failureMessages":[],"meta":{}},{"ancestorTitles":["Skills Component"],"fullName":"Skills Component handles skill tag interactions","status":"passed","title":"handles skill tag interactions","duration":217.55509999999958,"failureMessages":[],"meta":{}},{"ancestorTitles":["Skills Component"],"fullName":"Skills Component handles component lifecycle","status":"passed","title":"handles component lifecycle","duration":152.6917999999987,"failureMessages":[],"meta":{}},{"ancestorTitles":["Skills Component"],"fullName":"Skills Component handles error boundaries","status":"passed","title":"handles error boundaries","duration":129.01580000000104,"failureMessages":[],"meta":{}},{"ancestorTitles":["Skills Component"],"fullName":"Skills Component handles performance optimization","status":"passed","title":"handles performance
[...]
:["Utility Functions","getProjectFallbackEmoji"],"fullName":"Utility Functions getProjectFallbackEmoji returns portfolio emoji for portfolio projects","status":"passed","title":"returns portfolio emoji for portfolio projects","duration":0.2501999999999498,"failureMessages":[],"meta":{}},{"ancestorTitles":["Utility Functions","getProjectFallbackEmoji"],"fullName":"Utility Functions getProjectFallbackEmoji returns default emoji for unknown projects","status":"passed","title":"returns default emoji for unknown projects","duration":0.1430000000000291,"failureMessages":[],"meta":{}},{"ancestorTitles":["Utility Functions","getCardWidthClass"],"fullName":"Utility Functions getCardWidthClass returns correct width for featured projects","status":"passed","title":"returns correct width for featured projects","duration":0.2660999999998239,"failureMessages":[],"meta":{}},{"ancestorTitles":["Utility Functions","getCardWidthClass"],"fullName":"Utility Functions getCardWidthClass returns correct width for other projects","status":"passed","title":"returns correct width for other projects","duration":0.20670000000018263,"failureMessages":[],"meta":{}},{"ancestorTitles":["Utility Functions","getCardPadding"],"fullName":"Utility Functions getCardPadding returns padding for non-last items","status":"passed","title":"returns padding for non-last items","duration":0.23320000000012442,"failureMessages":[],"meta":{}},{"ancestorTitles":["Utility Functions","getCardPadding"],"fullName":"Utility Functions getCardPadding returns empty string for last item","status":"passed","title":"returns empty string for last item","duration":0.11140000000023065,"failureMessages":[],"meta":{}},{"ancestorTitles":["Utility Functions","getCoverflowStyle"],"fullName":"Utility Functions getCoverflowStyle returns center card style for current index","status":"passed","title":"returns center card style for current index","duration":0.39130000000022847,"failureMessages":[],"meta":{}},{"ancestorTitles":["Utility Functions","getCoverflowStyle"],"fullName":"Utility Functions getCoverflowStyle returns left card style for previous index","status":"passed","title":"returns left card style for previous index","duration":0.33789999999999054,"failureMessages":[],"meta":{}},{"ancestorTitles":["Utility Functions","getCoverflowStyle"],"fullName":"Utility Functions getCoverflowStyle returns right card style for next index","status":"passed","title":"returns right card style for next index","duration":0.17090000000007421,"failureMessages":[],"meta":{}},{"ancestorTitles":["Utility Functions","getCoverflowStyle"],"fullName":"Utility Functions getCoverflowStyle returns far card style for distant indices","status":"passed","title":"returns far card style for distant indices","duration":0.18160000000034415,"failureMessages":[],"meta":{}},{"ancestorTitles":["Utility Functions","getRollingWindow"],"fullName":"Utility Functions getRollingWindow returns correct window of items","status":"passed","title":"returns correct window of items","duration":1.690299999999752,"failureMessages":[],"meta":{}},{"ancestorTitles":["Utility Functions","getRollingWindow"],"fullName":"Utility Functions getRollingWindow handles empty array","status":"passed","title":"handles empty array","duration":0.32360000000016953,"failureMessages":[],"meta":{}},{"ancestorTitles":["Utility Functions","getCardWidthClass edge cases"],"fullName":"Utility Functions getCardWidthClass edge cases returns w-full for unexpected visible values","status":"passed","title":"returns w-full for unexpected visible values","duration":0.21840000000020154,"failureMessages":[],"meta":{}},{"ancestorTitles":["Utility Functions","getRollingWindow edge cases"],"fullName":"Utility Functions getRollingWindow edge cases handles negative start index","status":"passed","title":"handles negative start index","duration":0.41210000000000946,"failureMessages":[],"meta":{}},{"ancestorTitles":["Utility Functions","getRollingWindow edge cases"],"fullName":"Utility Functions getRollingWindow edge cases handles count greater than array length","status":"passed","title":"handles count greater than array length","duration":0.4230999999999767,"failureMessages":[],"meta":{}},{"ancestorTitles":["Utility Functions","getImageUrl edge cases"],"fullName":"Utility Functions getImageUrl edge cases returns url as is for non-http, non-/ string","status":"passed","title":"returns url as is for non-http, non-/ string","duration":0.3326999999999316,"failureMessages":[],"meta":{}}],"startTime":1753481620599,"endTime":1753481620624.423,"status":"passed","message":"","name":"C:/Users/shahh/Documents/GitHub/harsh-portfolio/src/lib/__tests__/utils.test.ts"},{"assertionResults":[{"ancestorTitles":["GradientButton Component"],"fullName":"GradientButton Component renders button with default props","status":"passed","title":"renders button with default props","duration":857.1407000000008,"failureMessages":[],"meta":{}},{"ancestorTitles":["GradientButton Component"],"fullName":"GradientButton Component renders as a link when asChild is true","status":"passed","title":"renders as a link when asChild is true","duration":87.53600000000006,"failureMessages":[],"meta":{}},{"ancestorTitles":["GradientButton Component"],"fullName":"GradientButton Component applies custom className","status":"passed","title":"applies custom className","duration":53.36169999999947,"failureMessages":[],"meta":{}},{"ancestorTitles":["GradientButton Component"],"fullName":"GradientButton Component handles click events","status":"passed","title":"handles click events","duration":154.90000000000146,"failureMessages":[],"meta":{}},{"ancestorTitles":["GradientButton Component"],"fullName":"GradientButton Component applies disabled state","status":"passed","title":"applies disabled state","duration":67.3114000000005,"failureMessages":[],"meta":{}},{"ancestorTitles":["GradientButton Component"],"fullName":"GradientButton Component renders with children content","status":"passed","title":"renders with children content","duration":97.17879999999968,"failureMessages":[],"meta":{}},{"ancestorTitles":["GradientButton Component"],"fullName":"GradientButton Component applies hover and focus states","status":"passed","title":"applies hover and focus states","duration":68.57909999999902,"failureMessages":[],"meta":{}},{"ancestorTitles":["GradientButton Component"],"fullName":"GradientButton Component works with different button types","status":"passed","title":"works with different button types","duration":37.07840000000033,"failureMessages":[],"meta":{}},{"ancestorTitles":["GradientButton Component"],"fullName":"GradientButton Component maintains gradient styling when disabled","status":"passed","title":"maintains gradient styling when disabled","duration":63.96179999999913,"failureMessages":[],"meta":{}},{"ancestorTitles":["GradientButton Component"],"fullName":"GradientButton Component renders with proper accessibility attributes","status":"passed","title":"renders with proper accessibility attributes","duration":37.973699999998644,"failureMessages":[],"meta":{}}],"startTime":1753481614483,"endTime":1753481616007.9736,"status":"passed","message":"","name":"C:/Users/shahh/Documents/GitHub/harsh-portfolio/src/components/ui/__tests__/GradientButton.test.tsx"},{"assertionResults":[{"ancestorTitles":["InteractiveCard Component"],"fullName":"InteractiveCard Component renders with default props","status":"passed","title":"renders with default props","duration":106.33309999999983,"failureMessages":[],"meta":{}},{"ancestorTitles":["InteractiveCard Component"],"fullName":"InteractiveCard Component renders with custom className","status":"passed","title":"renders with custom className","duration":13.328700000000026,"failureMessages":[],"meta":{}},{"ancestorTitles":["InteractiveCard Component"],"fullName":"InteractiveCard Component renders with custom contentClassName","status":"passed","title":"renders with custom contentClassName","duration":10.368199999999888,"failureMessages":[],"meta":{}},{"ancestorTitles":["InteractiveCard Component"],"fullName":"InteractiveCard Component renders with title","status":"passed","title":"renders with title","duration":9.526599999999235,"failureMessages":[],"meta":{}},{"ancestorTitles":["InteractiveCard Component"],"fullName":"InteractiveCard Component renders with custom headerClassName","status":"passed","title":"renders with custom headerClassName","duration":11.957900000000336,"failureMessages":[],"meta":{}},{"ancestorTitles":["InteractiveCard Component"],"fullName":"InteractiveCard Component applies hover effects","status":"passed","title":"applies hover effects","duration":5.310899999999492,"failureMessages":[],"meta":{}},{"ancestorTitles":["InteractiveCard Component"],"fullName":"InteractiveCard Component applies default styling classes","status":"passed","title":"applies default styling classes","duration":10.539400000000569,"failureMessages":[],"meta":{}},{"ancestorTitles":["InteractiveCard Component"],"fullName":"InteractiveCard Component applies custom padding to content","status":"passed","title":"applies custom padding to content","duration":15.622999999999593,"failureMessages":[],"meta":{}},{"ancestorTitles":["InteractiveCard Component"],"fullName":"InteractiveCard Component renders with complex content structure","status":"passed","title":"renders with complex content structure","duration":9.493000000000393,"failureMessages":[],"meta":{}},{"ancestorTitles":["InteractiveCard Component"],"fullName":"InteractiveCard Component renders without title when not provided","status":"passed","title":"renders without title when not provided","duration":7.023799999999937,"failureMessages":[],"meta":{}},{"ancestorTitles":["InteractiveCard Component"],"fullName":"InteractiveCard Component applies custom border radius","status":"passed","title":"applies custom border radius","duration":17.34149999999954,"failureMessages":[],"meta":{}},{"ancestorTitles":["InteractiveCard Component"],"fullName":"InteractiveCard Component maintains proper z-index for overlays","status":"passed","title":"maintains proper z-index for overlays","duration":5.3125,"failureMessages":[],"meta":{}},{"ancestorTitles":["InteractiveCard Component"],"fullName":"InteractiveCard Component handles data attributes","status":"passed","title":"handles data attributes","duration":4.5341000000007625,"failureMessages":[],"meta":{}},{"ancestorTitles":["InteractiveCard Component"],"fullName":"InteractiveCard Component renders with group class for hover effects","status":"passed","title":"renders with group class for hover effects","duration":5.990000000000691,"failureMessages":[],"meta":{}}],"startTime":1753481618297,"endTime":1753481618529.99,"status":"passed","message":"","name":"C:/Users/shahh/Documents/GitHub/harsh-portfolio/src/components/ui/__tests__/InteractiveCard.test.tsx"},{"assertionResults":[{"ancestorTitles":["ProjectCard Component"],"fullName":"ProjectCard Component renders with project data","status":"passed","title":"renders with project data","duration":133.21399999999994,"failureMessages":[],"meta":{}},{"ancestorTitles":["ProjectCard Component"],"fullName":"ProjectCard Component displays project image when provided for featured projects","status":"passed","title":"displays project image when provided for featured projects","duration":104.80110000000059,"failureMessages":[],"meta":{}},{"ancestorTitles":["ProjectCard Component"],"fullName":"ProjectCard Component does not display project image for non-featured projects","status":"passed","title":"does not display project image for non-featured projects","duration":78.32339999999931,"failureMessages":[],"meta":{}},{"ancestorTitles":["ProjectCard Component"],"fullName":"ProjectCard Component handles missing image","status":"passed","title":"handles missing image","duration":135.67119999999977,"failureMessages":[],"meta":{}},{"ancestorTitles":["ProjectCard Component"],"fullName":"ProjectCard Component displays project title","status":"passed","title":"displays project title","duration":180.16179999999986,"failureMessages":[],"meta":{}},{"ancestorTitles":["ProjectCard Component"],"fullName":"ProjectCard Component displays project description","status":"passed","title":"displays project description","duration":130.21389999999883,"failureMessages":[],"meta":{}},{"ancestorTitles":["ProjectCard Component"],"fullName":"ProjectCard Component displays technology tags","status":"passed","title":"displays technology tags","duration":87.33600000000115,"failureMessages":[],"meta":{}},{"ancestorTitles":["ProjectCard Component"],"fullName":"ProjectCard Component displays GitHub link","status":"passed","title":"displays GitHub link","duration":131.47630000000026,"failureMessages":[],"meta":{}},{"ancestorTitles":["ProjectCard Component"],"fullName":"ProjectCard Component displays live demo link","status":"passed","title":"displays live demo link","duration":107.33510000000024,"failureMessages":[],"meta":{}},{"ancestorTitles":["ProjectCard Component"],"fullName":"ProjectCard Component applies hover effects","status":"passed","title":"applies hover effects","duration":45.597600000000966,"failureMessages":[],"meta":{}},{"ancestorTitles":["ProjectCard Component"],"fullName":"ProjectCard Component applies gradient styling","status":"passed","title":"applies gradient styling","duration":39.63340000000062,"failureMessages":[],"meta":{}},{"ancestorTitles":["ProjectCard Component"],"fullName":"ProjectCard Component handles featured projects","status":"passed","title":"handles featured projects","duration":41.66490000000158,"failureMessages":[],"meta":{}},{"ancestorTitles":["ProjectCard Component"],"fullName":"ProjectCard Component handles non-featured projects","status":"passed","title":"handles non-featured projects","duration":58.09969999999885,"failureMessages":[],"meta":{}},{"ancestorTitles":["ProjectCard Component"],"fullName":"ProjectCard Component has proper accessibility attributes","status":"passed","title":"has proper accessibility attributes","duration":74.42779999999948,"failureMessages":[],"meta":{}},{"ancestorTitles":["ProjectCard Component"],"fullName":"ProjectCard Component has proper accessibility attributes for non-featured projects","status":"passed","title":"has proper accessibility attributes for non-featured projects","duration":69.64489999999932,"failureMessages":[],"meta":{}},{"ancestorTitles":["ProjectCard Component"],"fullName":"ProjectCard Component applies custom className","status":"passed","title":"applies custom className","duration":31.023999999999432,"failureMessages":[],"meta":{}},{"ancestorTitles":["ProjectCard Component"],"fullName":"ProjectCard Component handles image loading state","status":"passed","title":"handles image loading state","duration":24.10239999999976,"failureMessages":[],"meta":{}},{"ancestorTitles":["ProjectCard Component"],"fullName":"ProjectCard Component handles image error state","status":"passed","title":"handles image error state","duration":119.45799999999872,"failureMessages":[],"meta":{}},{"ancestorTitles":["ProjectCard Component"],"fullName":"ProjectCard Component handles image load success","status":"passed","title":"handles image load success","duration":132.78139999999985,"failureMessages":[],"meta":{}},{"ancestorTitles":["ProjectCard Component"],"fullName":"ProjectCard Component applies different styling for featured vs non-featured projects","status":"passed","title":"applies different styling for featured vs non-featured projects","duration":97.71889999999985,"failureMessages":[],"meta":{}},{"ancestorTitles":["ProjectCard Component"],"fullName":"ProjectCard Component handles empty technologies array","status":"passed","title":"handles empty technologies array","duration":30.925600000000486,"failureMessages":[],"meta":{}},{"ancestorTitles":["ProjectCard Component"],"fullName":"ProjectCard Component handles long technology lists","status":"passed","title":"handles long technology lists","duration":91.97170000000006,"failureMessages":[],"meta":{}},{"ancestorTitles":["ProjectCard Component"],"fullName":"ProjectCard Component handles special characters in title and description","status":"passed","title":"handles special characters in title and description","duration":51.02969999999914,"failureMessages":[],"meta":{}},{"ancestorTitles":["ProjectCard Component"],"fullName":"ProjectCard Component handles very long descriptions","status":"passed","title":"handles very long descriptions","duration":51.92499999999927,"failureMessages":[],"meta":{}},{"ancestorTitles":["ProjectCard Component"],"fullName":"ProjectCard Component handles missing liveUrl","status":"passed","title":"handles missing liveUrl","duration":49.48060000000078,"failureMessages":[],"meta":{}},{"ancestorTitles":["ProjectCard Component"],"fullName":"ProjectCard Component handles missing githubUrl","status":"passed","title":"handles missing githubUrl","duration":41.99209999999948,"failureMessages":[],"meta":{}}],"startTime":1753481614150,"endTime":1753481616291.9922,"status":"passed","message":"","name":"C:/Users/shahh/Documents/GitHub/harsh-portfolio/src/components/ui/__tests__/ProjectCard.test.tsx"},{"assertionResults":[{"ancestorTitles":["SkillTag Component"],"fullName":"SkillTag Component renders skill tag with text","status":"passed","title":"renders skill tag with text","duration":70.42480000000069,"failureMessages":[],"meta":{}},{"ancestorTitles":["SkillTag Component"],"fullName":"SkillTag Component applies default styling classes","status":"passed","title":"applies default styling classes","duration":8.608500000000276,"failureMessages":[],"meta":{}},{"ancestorTitles":["SkillTag Component"],"fullName":"SkillTag Component applies custom className","status":"passed","title":"applies custom className","duration":7.153800000000047,"failureMessages":[],"meta":{}},{"ancestorTitles":["SkillTag Component"],"fullName":"SkillTag Component renders with different skill names","status":"passed","title":"renders with different skill names","duration":23.5587000000005,"failureMessages":[],"meta":{}},{"ancestorTitles":["SkillTag Component"],"fullName":"SkillTag Component handles empty content","status":"passed","title":"handles empty content","duration":110.48990000000049,"failureMessages":[],"meta":{}},{"ancestorTitles":["SkillTag Component"],"fullName":"SkillTag Component renders with accessibility attributes","status":"passed","title":"renders with accessibility attributes","duration":7.921299999999974,"failureMessages":[],"meta":{}},{"ancestorTitles":["SkillTag Component"],"fullName":"SkillTag Component applies hover effects","status":"passed","title":"applies hover effects","duration":7.358099999999467,"failureMessages":[],"meta":{}},{"ancestorTitles":["SkillTag Component"],"fullName":"SkillTag Component renders with proper text size","status":"passed","title":"renders with proper text size","duration":4.156000000000859,"failureMessages":[],"meta":{}},{"ancestorTitles":["SkillTag Component"],"fullName":"SkillTag Component renders with proper padding","status":"passed","title":"renders with proper padding","duration":4.443400000000111,"failureMessages":[],"meta":{}},{"ancestorTitles":["SkillTag Component"],"fullName":"SkillTag Component renders with border styling","status":"passed","title":"renders with border styling","duration":3.6054999999996653,"failureMessages":[],"meta":{}}],"startTime":1753481617590,"endTime":1753481617838.6055,"status":"passed","message":"","name":"C:/Users/shahh/Documents/GitHub/harsh-portfolio/src/components/ui/__tests__/SkillTag.test.tsx"},{"assertionResults":[{"ancestorTitles":["sonner.utils"],"fullName":"sonner.utils should export toast function","status":"passed","title":"should export toast function","duration":1.898399999999583,"failureMessages":[],"meta":{}}],"startTime":1753481622759,"endTime":1753481622760.8984,"status":"passed","message":"","name":"C:/Users/shahh/Documents/GitHub/harsh-portfolio/src/components/ui/__tests__/sonner.utils.test.ts"}]}