{"numTotalTestSuites":59,"numPassedTestSuites":59,"numFailedTestSuites":0,"numPendingTestSuites":0,"numTotalTests":377,"numPassedTests":377,"numFailedTests":0,"numPendingTests":0,"numTodoTests":0,"snapshot":{"added":0,"failure":false,"filesAdded":0,"filesRemoved":0,"filesRemovedList":[],"filesUnmatched":0,"filesUpdated":0,"matched":0,"total":0,"unchecked":0,"uncheckedKeysByFile":[],"unmatched":0,"updated":0,"didUpdate":false},"startTime":1753394127751,"success":true,"testResults":[{"assertionResults":[{"ancestorTitles":["App Integration Tests"],"fullName":"App Integration Tests renders all main sections","status":"passed","title":"renders all main sections","duration":603.5109000000011,"failureMessages":[],"meta":{}},{"ancestorTitles":["App Integration Tests"],"fullName":"App Integration Tests renders navigation with all sections","status":"passed","title":"renders navigation with all sections","duration":579.1158000000014,"failureMessages":[],"meta":{}},{"ancestorTitles":["App Integration Tests"],"fullName":"App Integration Tests handles navigation between sections","status":"passed","title":"handles navigation between sections","duration":685.2734,"failureMessages":[],"meta":{}},{"ancestorTitles":["App Integration Tests"],"fullName":"App Integration Tests handles mobile navigation","status":"passed","title":"handles mobile navigation","duration":166.8708999999999,"failureMessages":[],"meta":{}},{"ancestorTitles":["App Integration Tests"],"fullName":"App Integration Tests handles theme toggle","status":"passed","title":"handles theme toggle","duration":317.33770000000004,"failureMessages":[],"meta":{}},{"ancestorTitles":["App Integration Tests"],"fullName":"App Integration Tests handles social links","status":"passed","title":"handles social links","duration":198.33959999999934,"failureMessages":[],"meta":{}},{"ancestorTitles":["App Integration Tests"],"fullName":"App Integration Tests handles dashboard link","status":"passed","title":"handles dashboard link","duration":141.14559999999983,"failureMessages":[],"meta":{}},{"ancestorTitles":["App Integration Tests"],"fullName":"App Integration Tests handles contact form interaction","status":"passed","title":"handles contact form interaction","duration":1310.503999999999,"failureMessages":[],"meta":{}},{"ancestorTitles":["App Integration Tests"],"fullName":"App Integration Tests handles hero section interactions","status":"passed","title":"handles hero section interactions","duration":155.8814000000002,"failureMessages":[],"meta":{}},{"ancestorTitles":["App Integration Tests"],"fullName":"App Integration Tests handles project carousel navigation","status":"passed","title":"handles project carousel navigation","duration":259.83989999999903,"failureMessages":[],"meta":{}},{"ancestorTitles":["App Integration Tests"],"fullName":"App Integration Tests handles scroll-based navigation styling","status":"passed","title":"handles scroll-based navigation styling","duration":42.19050000000061,"failureMessages":[],"meta":{}},{"ancestorTitles":["App Integration Tests"],"fullName":"App Integration Tests maintains consistent styling across sections","status":"passed","title":"maintains consistent styling across sections","duration":40.65989999999874,"failureMessages":[],"meta":{}},{"ancestorTitles":["App Integration Tests"],"fullName":"App Integration Tests handles responsive design","status":"passed","title":"handles responsive design","duration":39.75370000000112,"failureMessages":[],"meta":{}},{"ancestorTitles":["App Integration Tests"],"fullName":"App Integration Tests provides proper accessibility","status":"passed","title":"provides proper accessibility","duration":109.17150000000038,"failureMessages":[],"meta":{}},{"ancestorTitles":["App Integration Tests"],"fullName":"App Integration Tests handles external link interactions","status":"passed","title":"handles external link interactions","duration":54.753600000000006,"failureMessages":[],"meta":{}},{"ancestorTitles":["App Integration Tests"],"fullName":"App Integration Tests handles form validation","status":"passed","title":"handles form validation","duration":188.99469999999928,"failureMessages":[],"meta":{}}],"startTime":1753394136796,"endTime":1753394141689.9946,"status":"passed","message":"","name":"C:/Users/shahh/Documents/GitHub/harsh-portfolio/src/__tests__/App.integration.test.tsx"},{"assertionResults":[{"ancestorTitles":["About Component"],"fullName":"About Component renders the about section with correct heading","status":"passed","title":"renders the about section with correct heading","duration":548.2750999999998,"failureMessages":[],"meta":{}},{"ancestorTitles":["About Component"],"fullName":"About Component displays personal information and journey","status":"passed","title":"displays personal information and journey","duration":149.65769999999975,"failureMessages":[],"meta":{}},{"ancestorTitles":["About Component"],"fullName":"About Component displays skill tags","status":"passed","title":"displays skill tags","duration":46.64879999999994,"failureMessages":[],"meta":{}},{"ancestorTitles":["About Component"],"fullName":"About Component displays highlights section with expertise areas","status":"passed","title":"displays highlights section with expertise areas","duration":80.96759999999995,"failureMessages":[],"meta":{}},{"ancestorTitles":["About Component"],"fullName":"About Component has consistent styling with theme","status":"passed","title":"has consistent styling with theme","duration":51.895799999999326,"failureMessages":[],"meta":{}}],"startTime":1753394133928,"endTime":1753394134805.8958,"status":"passed","message":"","name":"C:/Users/shahh/Documents/GitHub/harsh-portfolio/src/components/__tests__/About.test.tsx"},{"assertionResults":[{"ancestorTitles":["CareerEducation Component"],"fullName":"CareerEducation Component renders career education section","status":"passed","title":"renders career education section","duration":360.5112000000008,"failureMessages":[],"meta":{}},{"ancestorTitles":["CareerEducation Component"],"fullName":"CareerEducation Component displays section title","status":"passed","title":"displays section title","duration":226.3729000000003,"failureMessages":[],"meta":{}},{"ancestorTitles":["CareerEducation Component"],"fullName":"CareerEducation Component displays section description","status":"passed","title":"displays section description","duration":93.04470000000038,"failureMessages":[],"meta":{}},{"ancestorTitles":["CareerEducation Component"],"fullName":"CareerEducation Component displays education timeline","status":"passed","title":"displays education timeline","duration":82.95449999999983,"failureMessages":[],"meta":{}},{"ancestorTitles":["CareerEducation Component"],"fullName":"CareerEducation Component displays career timeline","status":"passed","title":"displays career timeline","duration":136.2508999999991,"failureMessages":[],"meta":{}},{"ancestorTitles":["CareerEducation Component"],"fullName":"CareerEducation Component displays timeline dates","status":"passed","title":"displays timeline dates","duration":171.21880000000056,"failureMessages":[],"meta":{}},{"ancestorTitles":["CareerEducation Component"],"fullName":"CareerEducation Component applies gradient styling to timeline items","status":"passed","title":"applies gradient styling to timeline items","duration":139.46230000000105,"failureMessages":[],"meta":{}},{"ancestorTitles":["CareerEducation Component"],"fullName":"CareerEducation Component has proper accessibility attributes","status":"passed","title":"has proper accessibility attributes","duration":190.6901999999991,"failureMessages":[],"meta":{}},{"ancestorTitles":["CareerEducation Component"],"fullName":"CareerEducation Component handles responsive design","status":"passed","title":"handles responsive design","duration":89.1201000000001,"failureMessages":[],"meta":{}},{"ancestorTitles":["CareerEducation Component"],"fullName":"CareerEducation Component handles theme integration","status":"passed","title":"handles theme integration","duration":77.66799999999967,"failureMessages":[],"meta":{}},{"ancestorTitles":["CareerEducation Component"],"fullName":"CareerEducation Component handles component lifecycle","status":"passed","title":"handles component lifecycle","duration":123.39530000000013,"failureMessages":[],"meta":{}},{"ancestorTitles":["CareerEducation Component"],"fullName":"CareerEducation Component handles error boundaries","status":"passed","title":"handles error boundaries","duration":89.02620000000024,"failureMessages":[],"meta":{}},{"ancestorTitles":["CareerEducation Component"],"fullName":"CareerEducation Component handles performance optimization","status":"passed","title":"handles performance optimization","duration":41.0586000000003,"failureMessages":[],"meta":{}},{"ancestorTitles":["CareerEducation Component"],"fullName":"CareerEducation Component handles memory management","status":"passed","title":"handles memory management","duration":50.594999999999345,"failureMessages":[],"meta":{}},{"ancestorTitles":["CareerEducation Component"],"fullName":"CareerEducation Component handles accessibility compliance","status":"passed","title":"handles accessibility compliance","duration":79.4418999999998,"failureMessages":[],"meta":{}},{"ancestorTitles":["CareerEducation Component"],"fullName":"CareerEducation Component handles data validation","status":"passed","title":"handles data validation","duration":103.45679999999993,"failureMessages":[],"meta":{}},{"ancestorTitles":["CareerEducation Component"],"fullName":"CareerEducation Component handles timeline interactions","status":"passed","title":"handles timeline interactions","duration":64.14950000000135,"failureMessages":[],"meta":{}}],"startTime":1753394136083,"endTime":1753394138204.1494,"status":"passed","message":"","name":"C:/Users/shahh/Documents/GitHub/harsh-portfolio/src/components/__tests__/CareerEducation.test.tsx"},{"assertionResults":[{"ancestorTitles":["Contact Component"],"fullName":"Contact Component renders contact section with correct structure","status":"passed","title":"renders contact section with correct structure","duration":321.9628999999986,"failureMessages":[],"meta":{}},{"ancestorTitles":["Contact Component"],"fullName":"Contact Component displays section header with icon and title","status":"passed","title":"displays section header with icon and title","duration":211.63739999999962,"failureMessages":[],"meta":{}},{"ancestorTitles":["Contact Component"],"fullName":"Contact Component displays section description","status":"passed","title":"displays section description","duration":50.618900000001304,"failureMessages":[],"meta":{}},{"ancestorTitles":["Contact Component"],"fullName":"Contact Component displays form with all required fields","status":"passed","title":"displays form with all required fields","duration":146.60210000000006,"failureMessages":[],"meta":{}},{"ancestorTitles":["Contact Component"],"fullName":"Contact Component handles form input changes","status":"passed","title":"handles form input changes","duration":1466.9081999999999,"failureMessages":[],"meta":{}},{"ancestorTitles":["Contact Component"],"fullName":"Contact Component handles form submission","status":"passed","title":"handles form submission","duration":76.64099999999962,"failureMessages":[],"meta":{}},{"ancestorTitles":["Contact Component"],"fullName":"Contact Component displays form validation states","status":"passed","title":"displays form validation states","duration":84.77999999999884,"failureMessages":[],"meta":{}},{"ancestorTitles":["Contact Component"],"fullName":"Contact Component applies gradient styling to submit button","status":"passed","title":"applies gradient styling to submit button","duration":21.90810000000056,"failureMessages":[],"meta":{}},{"ancestorTitles":["Contact Component"],"fullName":"Contact Component has proper form accessibility","status":"passed","title":"has proper form accessibility","duration":17.732700000000477,"failureMessages":[],"meta":{}},{"ancestorTitles":["Contact Component"],"fullName":"Contact Component applies responsive design classes","status":"passed","title":"applies responsive design classes","duration":15.537000000000262,"failureMessages":[],"meta":{}},{"ancestorTitles":["Contact Component"],"fullName":"Contact Component has consistent styling with theme","status":"passed","title":"has consistent styling with theme","duration":12.57890000000043,"failureMessages":[],"meta":{}},{"ancestorTitles":["Contact Component"],"fullName":"Contact Component displays interactive elements with hover effects","status":"passed","title":"displays interactive elements with hover effects","duration":33.068299999999,"failureMessages":[],"meta":{}},{"ancestorTitles":["Contact Component"],"fullName":"Contact Component handles form validation errors","status":"passed","title":"handles form validation errors","duration":72.38299999999981,"failureMessages":[],"meta":{}},{"ancestorTitles":["Contact Component"],"fullName":"Contact Component handles form field focus states","status":"passed","title":"handles form field focus states","duration":102.40099999999984,"failureMessages":[],"meta":{}},{"ancestorTitles":["Contact Component"],"fullName":"Contact Component handles form field blur events","status":"passed","title":"handles form field blur events","duration":109.10009999999966,"failureMessages":[],"meta":{}},{"ancestorTitles":["Contact Component"],"fullName":"Contact Component handles form reset functionality","status":"passed","title":"handles form reset functionality","duration":636.8958000000002,"failureMessages":[],"meta":{}},{"ancestorTitles":["Contact Component"],"fullName":"Contact Component handles form accessibility features","status":"passed","title":"handles form accessibility features","duration":17.0679999999993,"failureMessages":[],"meta":{}},{"ancestorTitles":["Contact Component"],"fullName":"Contact Component handles form keyboard navigation","status":"passed","title":"handles form keyboard navigation","duration":168.4405000000006,"failureMessages":[],"meta":{}},{"ancestorTitles":["Contact Component"],"fullName":"Contact Component handles form state management","status":"passed","title":"handles form state management","duration":16.21140000000014,"failureMessages":[],"meta":{}},{"ancestorTitles":["Contact Component"],"fullName":"Contact Component handles form state persistence","status":"passed","title":"handles form state persistence","duration":472.6305999999986,"failureMessages":[],"meta":{}},{"ancestorTitles":["Contact Component"],"fullName":"Contact Component handles form error recovery","status":"passed","title":"handles form error recovery","duration":277.0744999999988,"failureMessages":[],"meta":{}},{"ancestorTitles":["Contact Component"],"fullName":"Contact Component handles form performance optimization","status":"passed","title":"handles form performance optimization","duration":650.3144000000011,"failureMessages":[],"meta":{}},{"ancestorTitles":["Contact Component"],"fullName":"Contact Component handles form accessibility compliance","status":"passed","title":"handles form accessibility compliance","duration":21.409499999999753,"failureMessages":[],"meta":{}},{"ancestorTitles":["Contact Component"],"fullName":"Contact Component handles form data validation","status":"passed","title":"handles form data validation","duration":546.6554000000015,"failureMessages":[],"meta":{}},{"ancestorTitles":["Contact Component"],"fullName":"Contact Component handles form submission error handling","status":"passed","title":"handles form submission error handling","duration":46.58530000000064,"failureMessages":[],"meta":{}},{"ancestorTitles":["Contact Component"],"fullName":"Contact Component handles form field dependencies","status":"passed","title":"handles form field dependencies","duration":939.8473999999987,"failureMessages":[],"meta":{}},{"ancestorTitles":["Contact Component"],"fullName":"Contact Component shows correct toast message after successful form submission","status":"passed","title":"shows correct toast message after successful form submission","duration":1175.4197000000004,"failureMessages":[],"meta":{}},{"ancestorTitles":["Contact Component"],"fullName":"Contact Component blocks disposable email addresses and shows a toast","status":"passed","title":"blocks disposable email addresses and shows a toast","duration":2194.7462000000014,"failureMessages":[],"meta":{}}],"startTime":1753394137253,"endTime":1753394147161.746,"status":"passed","message":"","name":"C:/Users/shahh/Documents/GitHub/harsh-portfolio/src/components/__tests__/Contact.test.tsx"},{"assertionResults":[{"ancestorTitles":["CursorEffect Component"],"fullName":"CursorEffect Component renders cursor effect container","status":"passed","title":"renders cursor effect container","duration":75.90480000000025,"failureMessages":[],"meta":{}},{"ancestorTitles":["CursorEffect Component"],"fullName":"CursorEffect Component handles mouse move events","status":"passed","title":"handles mouse move events","duration":176.1752000000006,"failureMessages":[],"meta":{}},{"ancestorTitles":["CursorEffect Component"],"fullName":"CursorEffect Component handles mouse enter events","status":"passed","title":"handles mouse enter events","duration":19.862600000000384,"failureMessages":[],"meta":{}},{"ancestorTitles":["CursorEffect Component"],"fullName":"CursorEffect Component handles mouse leave events","status":"passed","title":"handles mouse leave events","duration":13.195399999999609,"failureMessages":[],"meta":{}},{"ancestorTitles":["CursorEffect Component"],"fullName":"CursorEffect Component handles window resize events","status":"passed","title":"handles window resize events","duration":12.653999999999542,"failureMessages":[],"meta":{}},{"ancestorTitles":["CursorEffect Component"],"fullName":"CursorEffect Component handles touch events on mobile","status":"passed","title":"handles touch events on mobile","duration":13.021200000000135,"failureMessages":[],"meta":{}},{"ancestorTitles":["CursorEffect Component"],"fullName":"CursorEffect Component handles performance optimization","status":"passed","title":"handles performance optimization","duration":11.701600000000326,"failureMessages":[],"meta":{}},{"ancestorTitles":["CursorEffect Component"],"fullName":"CursorEffect Component handles accessibility features","status":"passed","title":"handles accessibility features","duration":11.21140000000014,"failureMessages":[],"meta":{}},{"ancestorTitles":["CursorEffect Component"],"fullName":"CursorEffect Component handles state management","status":"passed","title":"handles state management","duration":7.283800000000156,"failureMessages":[],"meta":{}},{"ancestorTitles":["CursorEffect Component"],"fullName":"CursorEffect Component handles cleanup on unmount","status":"passed","title":"handles cleanup on unmount","duration":6.736499999999978,"failureMessages":[],"meta":{}}],"startTime":1753394138614,"endTime":1753394138962.7366,"status":"passed","message":"","name":"C:/Users/shahh/Documents/GitHub/harsh-portfolio/src/components/__tests__/CursorEffect.test.tsx"},{"assertionResults":[{"ancestorTitles":["Footer Component"],"fullName":"Footer Component renders footer with correct structure","status":"passed","title":"renders footer with correct structure","duration":256.6293000000005,"failureMessages":[],"meta":{}},{"ancestorTitles":["Footer Component"],"fullName":"Footer Component displays current year dynamically","status":"passed","title":"displays current year dynamically","duration":18.637399999999616,"failureMessages":[],"meta":{}},{"ancestorTitles":["Footer Component"],"fullName":"Footer Component renders social links","status":"passed","title":"renders social links","duration":54.110099999999875,"failureMessages":[],"meta":{}},{"ancestorTitles":["Footer Component"],"fullName":"Footer Component renders email link","status":"passed","title":"renders email link","duration":23.705900000000838,"failureMessages":[],"meta":{}},{"ancestorTitles":["Footer Component"],"fullName":"Footer Component applies gradient styling to links","status":"passed","title":"applies gradient styling to links","duration":36.47829999999976,"failureMessages":[],"meta":{}},{"ancestorTitles":["Footer Component"],"fullName":"Footer Component has proper accessibility attributes","status":"passed","title":"has proper accessibility attributes","duration":27.3774999999996,"failureMessages":[],"meta":{}},{"ancestorTitles":["Footer Component"],"fullName":"Footer Component renders with responsive design classes","status":"passed","title":"renders with responsive design classes","duration":14.451200000000426,"failureMessages":[],"meta":{}},{"ancestorTitles":["Footer Component"],"fullName":"Footer Component handles theme integration","status":"passed","title":"handles theme integration","duration":29.436099999999897,"failureMessages":[],"meta":{}},{"ancestorTitles":["Footer Component"],"fullName":"Footer Component handles year updates","status":"passed","title":"handles year updates","duration":15.147100000000137,"failureMessages":[],"meta":{}},{"ancestorTitles":["Footer Component"],"fullName":"Footer Component maintains consistent styling","status":"passed","title":"maintains consistent styling","duration":13.58219999999983,"failureMessages":[],"meta":{}},{"ancestorTitles":["Footer Component"],"fullName":"Footer Component handles link interactions","status":"passed","title":"handles link interactions","duration":16.66439999999966,"failureMessages":[],"meta":{}},{"ancestorTitles":["Footer Component"],"fullName":"Footer Component handles footer component lifecycle","status":"passed","title":"handles footer component lifecycle","duration":14.335000000000036,"failureMessages":[],"meta":{}},{"ancestorTitles":["Footer Component"],"fullName":"Footer Component handles footer error boundaries","status":"passed","title":"handles footer error boundaries","duration":22.216199999999844,"failureMessages":[],"meta":{}},{"ancestorTitles":["Footer Component"],"fullName":"Footer Component handles footer performance optimization","status":"passed","title":"handles footer performance optimization","duration":21.678800000000592,"failureMessages":[],"meta":{}},{"ancestorTitles":["Footer Component"],"fullName":"Footer Component handles footer memory management","status":"passed","title":"handles footer memory management","duration":24.38299999999981,"failureMessages":[],"meta":{}},{"ancestorTitles":["Footer Component"],"fullName":"Footer Component handles footer accessibility compliance","status":"passed","title":"handles footer accessibility compliance","duration":21.54650000000038,"failureMessages":[],"meta":{}},{"ancestorTitles":["Footer Component"],"fullName":"Footer Component handles footer responsive behavior","status":"passed","title":"handles footer responsive behavior","duration":14.13000000000011,"failureMessages":[],"meta":{}},{"ancestorTitles":["Footer Component"],"fullName":"Footer Component handles footer data validation","status":"passed","title":"handles footer data validation","duration":20.317799999999806,"failureMessages":[],"meta":{}}],"startTime":1753394132775,"endTime":1753394133420.3179,"status":"passed","message":"","name":"C:/Users/shahh/Documents/GitHub/harsh-portfolio/src/components/__tests__/Footer.test.tsx"},{"assertionResults":[{"ancestorTitles":["Hero Component"],"fullName":"Hero Component renders hero section with correct structure","status":"passed","title":"renders hero section with correct structure","duration":194.54899999999907,"failureMessages":[],"meta":{}},{"ancestorTitles":["Hero Component"],"fullName":"Hero Component displays hero content with name and title","status":"passed","title":"displays hero content with name and title","duration":34.90550000000076,"failureMessages":[],"meta":{}},{"ancestorTitles":["Hero Component"],"fullName":"Hero Component renders action buttons","status":"passed","title":"renders action buttons","duration":250.90049999999974,"failureMessages":[],"meta":{}},{"ancestorTitles":["Hero Component"],"fullName":"Hero Component displays statistics section","status":"passed","title":"displays statistics section","duration":66.96630000000005,"failureMessages":[],"meta":{}},{"ancestorTitles":["Hero Component"],"fullName":"Hero Component handles Get In Touch button click","status":"passed","title":"handles Get In Touch button click","duration":145.70460000000094,"failureMessages":[],"meta":{}},{"ancestorTitles":["Hero Component"],"fullName":"Hero Component handles scroll to about section","status":"passed","title":"handles scroll to about section","duration":132.26320000000123,"failureMessages":[],"meta":{}},{"ancestorTitles":["Hero Component"],"fullName":"Hero Component applies gradient styling to buttons","status":"passed","title":"applies gradient styling to buttons","duration":97.83209999999963,"failureMessages":[],"meta":{}},{"ancestorTitles":["Hero Component"],"fullName":"Hero Component applies gradient styling to statistics","status":"passed","title":"applies gradient styling to statistics","duration":47.39849999999933,"failureMessages":[],"meta":{}},{"ancestorTitles":["Hero Component"],"fullName":"Hero Component has proper accessibility attributes","status":"passed","title":"has proper accessibility attributes","duration":90.66879999999946,"failureMessages":[],"meta":{}},{"ancestorTitles":["Hero Component"],"fullName":"Hero Component renders with responsive design classes","status":"passed","title":"renders with responsive design classes","duration":94.97960000000057,"failureMessages":[],"meta":{}},{"ancestorTitles":["Hero Component"],"fullName":"Hero Component displays typewriter animation for name","status":"passed","title":"displays typewriter animation for name","duration":2263.790499999999,"failureMessages":[],"meta":{}},{"ancestorTitles":["Hero Component"],"fullName":"Hero Component displays typewriter animation for titles","status":"passed","title":"displays typewriter animation for titles","duration":1438.8464999999997,"failureMessages":[],"meta":{}}],"startTime":1753394136107,"endTime":1753394140966.8464,"status":"passed","message":"","name":"C:/Users/shahh/Documents/GitHub/harsh-portfolio/src/components/__tests__/Hero.test.tsx"},{"assertionResults":[{"ancestorTitles":["Navigation Component"],"fullName":"Navigation Component renders navigation with logo","status":"passed","title":"renders navigation with logo","duration":271.53569999999945,"failureMessages":[],"meta":{}},{"ancestorTitles":["Navigation Component"],"fullName":"Navigation Component displays desktop navigation items","status":"passed","title":"displays desktop navigation items","duration":546.8918000000003,"failureMessages":[],"meta":{}},{"ancestorTitles":["Navigation Component"],"fullName":"Navigation Component handles navigation item clicks","status":"passed","title":"handles navigation item clicks","duration":138.51270000000022,"failureMessages":[],"meta":{}},{"ancestorTitles":["Navigation Component"],"fullName":"Navigation Component displays theme toggle in desktop view","status":"passed","title":"displays theme toggle in desktop view","duration":84.59869999999955,"failureMessages":[],"meta":{}},{"ancestorTitles":["Navigation Component"],"fullName":"Navigation Component displays social links in desktop view","status":"passed","title":"displays social links in desktop view","duration":28.327499999999418,"failureMessages":[],"meta":{}},{"ancestorTitles":["Navigation Component"],"fullName":"Navigation Component renders dashboard link","status":"passed","title":"renders dashboard link","duration":16.399500000000444,"failureMessages":[],"meta":{}},{"ancestorTitles":["Navigation Component"],"fullName":"Navigation Component applies scroll-based styling","status":"passed","title":"applies scroll-based styling","duration":27.66190000000006,"failureMessages":[],"meta":{}},{"ancestorTitles":["Navigation Component"],"fullName":"Navigation Component has proper accessibility attributes","status":"passed","title":"has proper accessibility attributes","duration":18.689800000000105,"failureMessages":[],"meta":{}},{"ancestorTitles":["Navigation Component"],"fullName":"Navigation Component applies hover effects to navigation items","status":"passed","title":"applies hover effects to navigation items","duration":49.117699999999786,"failureMessages":[],"meta":{}},{"ancestorTitles":["Navigation Component"],"fullName":"Navigation Component applies hover effects to social links","status":"passed","title":"applies hover effects to social links","duration":23.157799999999952,"failureMessages":[],"meta":{}},{"ancestorTitles":["Navigation Component"],"fullName":"Navigation Component handles theme toggle functionality","status":"passed","title":"handles theme toggle functionality","duration":209.40749999999935,"failureMessages":[],"meta":{}},{"ancestorTitles":["Navigation Component"],"fullName":"Navigation Component handles keyboard navigation","status":"passed","title":"handles keyboard navigation","duration":97.71569999999974,"failureMessages":[],"meta":{}},{"ancestorTitles":["Navigation Component"],"fullName":"Navigation Component handles focus management","status":"passed","title":"handles focus management","duration":71.33259999999973,"failureMessages":[],"meta":{}},{"ancestorTitles":["Navigation Component"],"fullName":"Navigation Component handles aria-expanded state for mobile menu","status":"passed","title":"handles aria-expanded state for mobile menu","duration":45.20190000000002,"failureMessages":[],"meta":{}},{"ancestorTitles":["Navigation Component"],"fullName":"Navigation Component handles logo click","status":"passed","title":"handles logo click","duration":18.356299999999464,"failureMessages":[],"meta":{}},{"ancestorTitles":["Navigation Component"],"fullName":"Navigation Component handles mobile menu item clicks","status":"passed","title":"handles mobile menu item clicks","duration":41.70480000000043,"failureMessages":[],"meta":{}},{"ancestorTitles":["Navigation Component"],"fullName":"Navigation Component handles mobile menu toggle","status":"passed","title":"handles mobile menu toggle","duration":41.92990000000009,"failureMessages":[],"meta":{}},{"ancestorTitles":["Navigation Component"],"fullName":"Navigation Component handles dashboard link click","status":"passed","title":"handles dashboard link click","duration":11.995100000000093,"failureMessages":[],"meta":{}},{"ancestorTitles":["Navigation Component"],"fullName":"Navigation Component handles scroll behavior","status":"passed","title":"handles scroll behavior","duration":28.72440000000006,"failureMessages":[],"meta":{}},{"ancestorTitles":["Navigation Component"],"fullName":"Navigation Component handles window resize events","status":"passed","title":"handles window resize events","duration":20.055899999999383,"failureMessages":[],"meta":{}},{"ancestorTitles":["Navigation Component"],"fullName":"Navigation Component handles navigation item hover states","status":"passed","title":"handles navigation item hover states","duration":114.67189999999937,"failureMessages":[],"meta":{}},{"ancestorTitles":["Navigation Component"],"fullName":"Navigation Component handles theme toggle hover states","status":"passed","title":"handles theme toggle hover states","duration":127.98859999999877,"failureMessages":[],"meta":{}},{"ancestorTitles":["Navigation Component"],"fullName":"Navigation Component handles navigation item focus states","status":"passed","title":"handles navigation item focus states","duration":140.28949999999895,"failureMessages":[],"meta":{}},{"ancestorTitles":["Navigation Component"],"fullName":"Navigation Component handles social link interactions","status":"passed","title":"handles social link interactions","duration":60.00920000000042,"failureMessages":[],"meta":{}},{"ancestorTitles":["Navigation Component"],"fullName":"Navigation Component handles navigation item keyboard interactions","status":"passed","title":"handles navigation item keyboard interactions","duration":145.86139999999978,"failureMessages":[],"meta":{}},{"ancestorTitles":["Navigation Component"],"fullName":"Navigation Component handles theme toggle keyboard interactions","status":"passed","title":"handles theme toggle keyboard interactions","duration":202.23519999999917,"failureMessages":[],"meta":{}},{"ancestorTitles":["Navigation Component"],"fullName":"Navigation Component handles navigation accessibility features","status":"passed","title":"handles navigation accessibility features","duration":99.58699999999953,"failureMessages":[],"meta":{}},{"ancestorTitles":["Navigation Component"],"fullName":"Navigation Component handles navigation state management","status":"passed","title":"handles navigation state management","duration":35.187299999999595,"failureMessages":[],"meta":{}},{"ancestorTitles":["Navigation Component"],"fullName":"Navigation Component handles mobile menu state transitions","status":"passed","title":"handles mobile menu state transitions","duration":20.459000000000742,"failureMessages":[],"meta":{}},{"ancestorTitles":["Navigation Component"],"fullName":"Navigation Component handles theme toggle with keyboard","status":"passed","title":"handles theme toggle with keyboard","duration":130.38460000000123,"failureMessages":[],"meta":{}},{"ancestorTitles":["Navigation Component"],"fullName":"Navigation Component handles navigation accessibility features","status":"passed","title":"handles navigation accessibility features","duration":83.73070000000007,"failureMessages":[],"meta":{}},{"ancestorTitles":["Navigation Component"],"fullName":"Navigation Component handles navigation performance optimization","status":"passed","title":"handles navigation performance optimization","duration":72.21780000000035,"failureMessages":[],"meta":{}},{"ancestorTitles":["Navigation Component"],"fullName":"Navigation Component handles navigation error boundaries","status":"passed","title":"handles navigation error boundaries","duration":62.36369999999988,"failureMessages":[],"meta":{}},{"ancestorTitles":["Navigation Component"],"fullName":"Navigation Component changes nav bar class on scroll event","status":"passed","title":"changes nav bar class on scroll event","duration":120.67679999999928,"failureMessages":[],"meta":{}},{"ancestorTitles":["Navigation Component"],"fullName":"Navigation Component closes mobile menu when overlay is clicked","status":"passed","title":"closes mobile menu when overlay is clicked","duration":26.715300000001662,"failureMessages":[],"meta":{}},{"ancestorTitles":["Navigation Component"],"fullName":"Navigation Component scrollToSection does nothing if section does not exist","status":"passed","title":"scrollToSection does nothing if section does not exist","duration":96.3107,"failureMessages":[],"meta":{}},{"ancestorTitles":["Navigation Component"],"fullName":"Navigation Component renders all social icons","status":"passed","title":"renders all social icons","duration":125.16370000000097,"failureMessages":[],"meta":{}},{"ancestorTitles":["Navigation Component"],"fullName":"Navigation Component toggles mobile menu open and closed multiple times","status":"passed","title":"toggles mobile menu open and closed multiple times","duration":92.79190000000017,"failureMessages":[],"meta":{}},{"ancestorTitles":["Navigation Component"],"fullName":"Navigation Component closes mobile menu when close button is clicked","status":"passed","title":"closes mobile menu when close button is clicked","duration":31.64379999999983,"failureMessages":[],"meta":{}}],"startTime":1753394134125,"endTime":1753394137707.6438,"status":"passed","message":"","name":"C:/Users/shahh/Documents/GitHub/harsh-portfolio/src/components/__tests__/Navigation.test.tsx"},{"assertionResults":[{"ancestorTitles":["Navigation internal functions"],"fullName":"Navigation internal functions scrollToSection scrolls to element and closes menu","status":"passed","title":"scrollToSection scrolls to element and closes menu","duration":7.871399999999994,"failureMessages":[],"meta":{}},{"ancestorTitles":["Navigation internal functions"],"fullName":"Navigation internal functions scrollToSection does nothing if element does not exist","status":"passed","title":"scrollToSection does nothing if element does not exist","duration":3.9731999999994514,"failureMessages":[],"meta":{}},{"ancestorTitles":["Navigation internal functions"],"fullName":"Navigation internal functions scrollToSection handles empty href gracefully","status":"passed","title":"scrollToSection handles empty href gracefully","duration":1.4259000000001834,"failureMessages":[],"meta":{}},{"ancestorTitles":["Navigation internal functions"],"fullName":"Navigation internal functions SocialIcons renders all provided social links","status":"passed","title":"SocialIcons renders all provided social links","duration":120.53760000000057,"failureMessages":[],"meta":{}},{"ancestorTitles":["Navigation internal functions"],"fullName":"Navigation internal functions SocialIcons renders nothing with empty array","status":"passed","title":"SocialIcons renders nothing with empty array","duration":5.642899999999827,"failureMessages":[],"meta":{}}],"startTime":1753394139057,"endTime":1753394139197.6428,"status":"passed","message":"","name":"C:/Users/shahh/Documents/GitHub/harsh-portfolio/src/components/__tests__/Navigation.unit.test.ts"},{"assertionResults":[{"ancestorTitles":["Projects Component"],"fullName":"Projects Component renders projects section","status":"passed","title":"renders projects section","duration":172.9937,"failureMessages":[],"meta":{}},{"ancestorTitles":["Projects Component"],"fullName":"Projects Component displays section title","status":"passed","title":"displays section title","duration":203.27649999999994,"failureMessages":[],"meta":{}},{"ancestorTitles":["Projects Component"],"fullName":"Projects Component displays section description","status":"passed","title":"displays section description","duration":61.19790000000012,"failureMessages":[],"meta":{}},{"ancestorTitles":["Projects Component"],"fullName":"Projects Component displays featured projects section","status":"passed","title":"displays featured projects section","duration":64.42939999999999,"failureMessages":[],"meta":{}},{"ancestorTitles":["Projects Component"],"fullName":"Projects Component renders project cards with correct information","status":"passed","title":"renders project cards with correct information","duration":34.32409999999982,"failureMessages":[],"meta":{}},{"ancestorTitles":["Projects Component"],"fullName":"Projects Component displays project images","status":"passed","title":"displays project images","duration":51.47140000000036,"failureMessages":[],"meta":{}},{"ancestorTitles":["Projects Component"],"fullName":"Projects Component displays project titles","status":"passed","title":"displays project titles","duration":40.54809999999998,"failureMessages":[],"meta":{}},{"ancestorTitles":["Projects Component"],"fullName":"Projects Component displays project descriptions","status":"passed","title":"displays project descriptions","duration":31.673800000000483,"failureMessages":[],"meta":{}},{"ancestorTitles":["Projects Component"],"fullName":"Projects Component displays project technologies","status":"passed","title":"displays project technologies","duration":33.50810000000001,"failureMessages":[],"meta":{}},{"ancestorTitles":["Projects Component"],"fullName":"Projects Component displays project links","status":"passed","title":"displays project links","duration":42.98059999999987,"failureMessages":[],"meta":{}},{"ancestorTitles":["Projects Component"],"fullName":"Projects Component handles carousel navigation for featured projects","status":"passed","title":"handles carousel navigation for featured projects","duration":199.96710000000076,"failureMessages":[],"meta":{}},{"ancestorTitles":["Projects Component"],"fullName":"Projects Component handles carousel navigation for other projects","status":"passed","title":"handles carousel navigation for other projects","duration":40.30689999999959,"failureMessages":[],"meta":{}},{"ancestorTitles":["Projects Component"],"fullName":"Projects Component applies hover effects to project cards","status":"passed","title":"applies hover effects to project cards","duration":25.13890000000083,"failureMessages":[],"meta":{}},{"ancestorTitles":["Projects Component"],"fullName":"Projects Component applies gradient styling to buttons","status":"passed","title":"applies gradient styling to buttons","duration":27.675599999999577,"failureMessages":[],"meta":{}},{"ancestorTitles":["Projects Component"],"fullName":"Projects Component has proper accessibility attributes","status":"passed","title":"has proper accessibility attributes","duration":45.214999999999236,"failureMessages":[],"meta":{}},{"ancestorTitles":["Projects Component"],"fullName":"Projects Component handles auto-scrolling functionality","status":"passed","title":"handles auto-scrolling functionality","duration":30.55119999999988,"failureMessages":[],"meta":{}},{"ancestorTitles":["Projects Component"],"fullName":"Projects Component handles project card interactions","status":"passed","title":"handles project card interactions","duration":80.91289999999935,"failureMessages":[],"meta":{}},{"ancestorTitles":["Projects Component"],"fullName":"Projects Component handles carousel auto-scrolling functionality","status":"passed","title":"handles carousel auto-scrolling functionality","duration":22.12199999999939,"failureMessages":[],"meta":{}},{"ancestorTitles":["Projects Component"],"fullName":"Projects Component handles mobile responsive behavior","status":"passed","title":"handles mobile responsive behavior","duration":61.06670000000031,"failureMessages":[],"meta":{}},{"ancestorTitles":["Projects Component"],"fullName":"Projects Component handles carousel pause on hover for featured projects","status":"passed","title":"handles carousel pause on hover for featured projects","duration":163.82600000000002,"failureMessages":[],"meta":{}},{"ancestorTitles":["Projects Component"],"fullName":"Projects Component handles carousel pause on hover for other projects","status":"passed","title":"handles carousel pause on hover for other projects","duration":116.64309999999932,"failureMessages":[],"meta":{}},{"ancestorTitles":["Projects Component"],"fullName":"Projects Component handles navigation button accessibility","status":"passed","title":"handles navigation button accessibility","duration":53.88789999999972,"failureMessages":[],"meta":{}},{"ancestorTitles":["Projects Component"],"fullName":"Projects Component handles carousel transition animations","status":"passed","title":"handles carousel transition animations","duration":38.40689999999995,"failureMessages":[],"meta":{}},{"ancestorTitles":["Projects Component"],"fullName":"Projects Component handles project card hover effects","status":"passed","title":"handles project card hover effects","duration":126.85239999999976,"failureMessages":[],"meta":{}},{"ancestorTitles":["Projects Component"],"fullName":"Projects Component handles section icon interactions","status":"passed","title":"handles section icon interactions","duration":32.16539999999986,"failureMessages":[],"meta":{}},{"ancestorTitles":["Projects Component"],"fullName":"Projects Component handles external link accessibility","status":"passed","title":"handles external link accessibility","duration":61.16190000000006,"failureMessages":[],"meta":{}},{"ancestorTitles":["Projects Component"],"fullName":"Projects Component handles carousel infinite scrolling","status":"passed","title":"handles carousel infinite scrolling","duration":52.386899999999514,"failureMessages":[],"meta":{}},{"ancestorTitles":["Projects Component"],"fullName":"Projects Component handles carousel reverse scrolling","status":"passed","title":"handles carousel reverse scrolling","duration":34.948599999999715,"failureMessages":[],"meta":{}},{"ancestorTitles":["Projects Component"],"fullName":"Projects Component displays correct number of featured projects","status":"passed","title":"displays correct number of featured projects","duration":46.08510000000024,"failureMessages":[],"meta":{}},{"ancestorTitles":["Projects Component"],"fullName":"Projects Component handles window resize events","status":"passed","title":"handles window resize events","duration":45.35559999999987,"failureMessages":[],"meta":{}},{"ancestorTitles":["Projects Component"],"fullName":"Projects Component handles carousel pause on hover","status":"passed","title":"handles carousel pause on hover","duration":116.8782000000001,"failureMessages":[],"meta":{}},{"ancestorTitles":["Projects Component"],"fullName":"Projects Component handles carousel resume after hover","status":"passed","title":"handles carousel resume after hover","duration":122.08259999999973,"failureMessages":[],"meta":{}},{"ancestorTitles":["Projects Component"],"fullName":"Projects Component handles carousel navigation with keyboard","status":"passed","title":"handles carousel navigation with keyboard","duration":91.26800000000003,"failureMessages":[],"meta":{}},{"ancestorTitles":["Projects Component"],"fullName":"Projects Component handles carousel infinite scrolling","status":"passed","title":"handles carousel infinite scrolling","duration":38.51019999999971,"failureMessages":[],"meta":{}},{"ancestorTitles":["Projects Component"],"fullName":"Projects Component handles carousel auto-scroll intervals","status":"passed","title":"handles carousel auto-scroll intervals","duration":37.91520000000037,"failureMessages":[],"meta":{}},{"ancestorTitles":["Projects Component"],"fullName":"Projects Component handles carousel responsive breakpoints","status":"passed","title":"handles carousel responsive breakpoints","duration":50.73289999999997,"failureMessages":[],"meta":{}},{"ancestorTitles":["Projects Component"],"fullName":"Projects Component handles carousel touch events","status":"passed","title":"handles carousel touch events","duration":20.346700000000055,"failureMessages":[],"meta":{}},{"ancestorTitles":["Projects Component"],"fullName":"Projects Component handles carousel performance optimization","status":"passed","title":"handles carousel performance optimization","duration":33.16809999999987,"failureMessages":[],"meta":{}},{"ancestorTitles":["Projects Component"],"fullName":"Projects Component handles carousel state initialization","status":"passed","title":"handles carousel state initialization","duration":20.817299999999705,"failureMessages":[],"meta":{}},{"ancestorTitles":["Projects Component"],"fullName":"Projects Component handles carousel cleanup on unmount","status":"passed","title":"handles carousel cleanup on unmount","duration":20.1200000000008,"failureMessages":[],"meta":{}},{"ancestorTitles":["Projects Component"],"fullName":"Projects Component handles carousel error handling","status":"passed","title":"handles carousel error handling","duration":15.255500000000211,"failureMessages":[],"meta":{}},{"ancestorTitles":["Projects Component"],"fullName":"Projects Component handles carousel performance monitoring","status":"passed","title":"handles carousel performance monitoring","duration":20.841299999999137,"failureMessages":[],"meta":{}},{"ancestorTitles":["Projects Component"],"fullName":"Projects Component handles carousel memory management","status":"passed","title":"handles carousel memory management","duration":20.4983000000002,"failureMessages":[],"meta":{}},{"ancestorTitles":["Projects Component"],"fullName":"Projects Component handles carousel accessibility compliance","status":"passed","title":"handles carousel accessibility compliance","duration":22.88879999999972,"failureMessages":[],"meta":{}},{"ancestorTitles":["Projects Component"],"fullName":"Projects Component handles carousel responsive breakpoint changes","status":"passed","title":"handles carousel responsive breakpoint changes","duration":73.28499999999985,"failureMessages":[],"meta":{}},{"ancestorTitles":["Projects Component"],"fullName":"Projects Component handles carousel data validation","status":"passed","title":"handles carousel data validation","duration":20.29870000000028,"failureMessages":[],"meta":{}},{"ancestorTitles":["Projects Component"],"fullName":"Projects Component handles hover events gracefully when there is a minimal project","status":"passed","title":"handles hover events gracefully when there is a minimal project","duration":389.51830000000064,"failureMessages":[],"meta":{}},{"ancestorTitles":["Projects Component"],"fullName":"Projects Component renders carousel correctly with a single project","status":"passed","title":"renders carousel correctly with a single project","duration":65.1872000000003,"failureMessages":[],"meta":{}},{"ancestorTitles":["Projects Component"],"fullName":"Projects Component navigation buttons work at boundaries","status":"passed","title":"navigation buttons work at boundaries","duration":27.204900000000634,"failureMessages":[],"meta":{}},{"ancestorTitles":["Projects Component"],"fullName":"Projects Component pause and resume logic for auto-scrolling works","status":"passed","title":"pause and resume logic for auto-scrolling works","duration":97.32110000000102,"failureMessages":[],"meta":{}},{"ancestorTitles":["Projects Component"],"fullName":"Projects Component calls navigation and hover handlers directly for coverage","status":"passed","title":"calls navigation and hover handlers directly for coverage","duration":200.64729999999872,"failureMessages":[],"meta":{}}],"startTime":1753394133081,"endTime":1753394136631.6472,"status":"passed","message":"","name":"C:/Users/shahh/Documents/GitHub/harsh-portfolio/src/components/__tests__/Projects.test.tsx"},{"assertionResults":[{"ancestorTitles":["Projects internal functions"],"fullName":"Projects internal functions scrollToFeatured calls prev or next","status":"passed","title":"scrollToFeatured calls prev or next","duration":3.0486000000000786,"failureMessages":[],"meta":{}},{"ancestorTitles":["Projects internal functions"],"fullName":"Projects internal functions scrollToOther calls prev or next","status":"passed","title":"scrollToOther calls prev or next","duration":0.9639000000001943,"failureMessages":[],"meta":{}},{"ancestorTitles":["Projects internal functions"],"fullName":"Projects internal functions scrollToFeaturedMobile calls prev or next","status":"passed","title":"scrollToFeaturedMobile calls prev or next","duration":0.6267000000002554,"failureMessages":[],"meta":{}},{"ancestorTitles":["Projects internal functions"],"fullName":"Projects internal functions scrollToOtherMobile calls prev or next","status":"passed","title":"scrollToOtherMobile calls prev or next","duration":0.39449999999987995,"failureMessages":[],"meta":{}},{"ancestorTitles":["Projects internal functions"],"fullName":"Projects internal functions handleFeaturedHover calls pause/resume and sets hover state","status":"passed","title":"handleFeaturedHover calls pause/resume and sets hover state","duration":2.7510000000002037,"failureMessages":[],"meta":{}},{"ancestorTitles":["Projects internal functions"],"fullName":"Projects internal functions handleOtherHover calls pause/resume and sets hover state","status":"passed","title":"handleOtherHover calls pause/resume and sets hover state","duration":0.9354999999995925,"failureMessages":[],"meta":{}},{"ancestorTitles":["Projects internal functions"],"fullName":"Projects internal functions scrollToFeatured calls next for invalid direction","status":"passed","title":"scrollToFeatured calls next for invalid direction","duration":0.4875999999999294,"failureMessages":[],"meta":{}}],"startTime":1753394140205,"endTime":1753394140214.4875,"status":"passed","message":"","name":"C:/Users/shahh/Documents/GitHub/harsh-portfolio/src/components/__tests__/Projects.unit.test.ts"},{"assertionResults":[{"ancestorTitles":["Skills Component"],"fullName":"Skills Component renders skills section","status":"passed","title":"renders skills section","duration":178.91709999999966,"failureMessages":[],"meta":{}},{"ancestorTitles":["Skills Component"],"fullName":"Skills Component displays section title","status":"passed","title":"displays section title","duration":190.15029999999933,"failureMessages":[],"meta":{}},{"ancestorTitles":["Skills Component"],"fullName":"Skills Component displays section description","status":"passed","title":"displays section description","duration":49.509000000000015,"failureMessages":[],"meta":{}},{"ancestorTitles":["Skills Component"],"fullName":"Skills Component displays skill categories","status":"passed","title":"displays skill categories","duration":56.92629999999917,"failureMessages":[],"meta":{}},{"ancestorTitles":["Skills Component"],"fullName":"Skills Component displays skill tags","status":"passed","title":"displays skill tags","duration":43.12750000000051,"failureMessages":[],"meta":{}},{"ancestorTitles":["Skills Component"],"fullName":"Skills Component applies gradient styling to skill tags","status":"passed","title":"applies gradient styling to skill tags","duration":53.356300000000374,"failureMessages":[],"meta":{}},{"ancestorTitles":["Skills Component"],"fullName":"Skills Component has proper accessibility attributes","status":"passed","title":"has proper accessibility attributes","duration":63.138700000000426,"failureMessages":[],"meta":{}},{"ancestorTitles":["Skills Component"],"fullName":"Skills Component handles responsive design","status":"passed","title":"handles responsive design","duration":41.1209000000008,"failureMessages":[],"meta":{}},{"ancestorTitles":["Skills Component"],"fullName":"Skills Component handles theme integration","status":"passed","title":"handles theme integration","duration":42.826600000000326,"failureMessages":[],"meta":{}},{"ancestorTitles":["Skills Component"],"fullName":"Skills Component handles skill tag interactions","status":"passed","title":"handles skill tag interactions","duration":84.8116,"failureMessages":[],"meta":{}},{"ancestorTitles":["Skills Component"],"fullName":"Skills Component handles component lifecycle","status":"passed","title":"handles component lifecycle","duration":42.30839999999989,"failureMessages":[],"meta":{}},{"ancestorTitles":["Skills Component"],"fullName":"Skills Component handles error boundaries","status":"passed","title":"handles error boundaries","duration":44.23270000000048,"failureMessages":[],"meta":{}},{"ancestorTitles":["Skills Component"],"fullName":"Skills Component handles performance optimization","status":"passed","title":"handles performance optimization","duration":36.7461000000003,"failureMessages":[],"meta":{}},{"ancestorTitles":["Skills Component"],"fullName":"Skills Component handles memory management","status":"passed","title":"handles memory management","duration":60.95190000000002,"failureMessages":[],"meta":{}},{"ancestorTitles":["Skills Component"],"fullName":"Skills Component handles accessibility compliance","status":"passed","title":"handles accessibility compliance","duration":49.11660000000029,"failureMessages":[],"meta":{}},{"ancestorTitles":["Skills Component"],"fullName":"Skills Component handles data validation","status":"passed","title":"handles data validation","duration":56.06590000000051,"failureMessages":[],"meta":{}}],"startTime":1753394133602,"endTime":1753394134697.066,"status":"passed","message":"","name":"C:/Users/shahh/Documents/GitHub/harsh-portfolio/src/components/__tests__/Skills.test.tsx"},{"assertionResults":[{"ancestorTitles":["useCarousel Hook"],"fullName":"useCarousel Hook initializes with correct default values","status":"passed","title":"initializes with correct default values","duration":36.30879999999979,"failureMessages":[],"meta":{}},{"ancestorTitles":["useCarousel Hook"],"fullName":"useCarousel Hook scrolls to next item correctly for featured type","status":"passed","title":"scrolls to next item correctly for featured type","duration":9.126299999999901,"failureMessages":[],"meta":{}},{"ancestorTitles":["useCarousel Hook"],"fullName":"useCarousel Hook scrolls to next item correctly for other type","status":"passed","title":"scrolls to next item correctly for other type","duration":6.401100000000042,"failureMessages":[],"meta":{}},{"ancestorTitles":["useCarousel Hook"],"fullName":"useCarousel Hook scrolls to next item correctly for mobile","status":"passed","title":"scrolls to next item correctly for mobile","duration":7.346599999999853,"failureMessages":[],"meta":{}},{"ancestorTitles":["useCarousel Hook"],"fullName":"useCarousel Hook scrolls to previous item correctly for featured type","status":"passed","title":"scrolls to previous item correctly for featured type","duration":4.255799999999908,"failureMessages":[],"meta":{}},{"ancestorTitles":["useCarousel Hook"],"fullName":"useCarousel Hook scrolls to previous item correctly for other type","status":"passed","title":"scrolls to previous item correctly for other type","duration":3.1692000000002736,"failureMessages":[],"meta":{}},{"ancestorTitles":["useCarousel Hook"],"fullName":"useCarousel Hook scrolls to previous item correctly for mobile","status":"passed","title":"scrolls to previous item correctly for mobile","duration":3.4023999999999432,"failureMessages":[],"meta":{}},{"ancestorTitles":["useCarousel Hook"],"fullName":"useCarousel Hook handles circular navigation for featured type","status":"passed","title":"handles circular navigation for featured type","duration":4.639000000000124,"failureMessages":[],"meta":{}},{"ancestorTitles":["useCarousel Hook"],"fullName":"useCarousel Hook handles circular navigation for other type","status":"passed","title":"handles circular navigation for other type","duration":15.540899999999965,"failureMessages":[],"meta":{}},{"ancestorTitles":["useCarousel Hook"],"fullName":"useCarousel Hook handles empty items array","status":"passed","title":"handles empty items array","duration":6.781700000000001,"failureMessages":[],"meta":{}},{"ancestorTitles":["useCarousel Hook"],"fullName":"useCarousel Hook handles single item","status":"passed","title":"handles single item","duration":3.6596000000004096,"failureMessages":[],"meta":{}},{"ancestorTitles":["useCarousel Hook"],"fullName":"useCarousel Hook updates when totalItems change","status":"passed","title":"updates when totalItems change","duration":3.0493999999998778,"failureMessages":[],"meta":{}},{"ancestorTitles":["useCarousel Hook"],"fullName":"useCarousel Hook maintains current index when totalItems change","status":"passed","title":"maintains current index when totalItems change","duration":2.7811000000001513,"failureMessages":[],"meta":{}},{"ancestorTitles":["useCarousel Hook"],"fullName":"useCarousel Hook initializes with custom initial index","status":"passed","title":"initializes with custom initial index","duration":2.1278000000002066,"failureMessages":[],"meta":{}},{"ancestorTitles":["useCarousel Hook"],"fullName":"useCarousel Hook resets to initial index","status":"passed","title":"resets to initial index","duration":2.8160000000002583,"failureMessages":[],"meta":{}},{"ancestorTitles":["useCarousel Hook"],"fullName":"useCarousel Hook allows manual index setting","status":"passed","title":"allows manual index setting","duration":3.160200000000259,"failureMessages":[],"meta":{}},{"ancestorTitles":["useCarousel Hook"],"fullName":"useCarousel Hook handles index bounds correctly","status":"passed","title":"handles index bounds correctly","duration":4.448900000000322,"failureMessages":[],"meta":{}},{"ancestorTitles":["useCarousel Hook"],"fullName":"useCarousel Hook handles negative index","status":"passed","title":"handles negative index","duration":2.788300000000163,"failureMessages":[],"meta":{}},{"ancestorTitles":["useCarousel Hook"],"fullName":"useCarousel Hook handles zero totalItems","status":"passed","title":"handles zero totalItems","duration":2.0772000000001754,"failureMessages":[],"meta":{}},{"ancestorTitles":["useCarousel Hook"],"fullName":"useCarousel Hook handles single item navigation","status":"passed","title":"handles single item navigation","duration":1.9320999999999913,"failureMessages":[],"meta":{}},{"ancestorTitles":["useCarousel Hook"],"fullName":"useCarousel Hook auto-scrolls with default interval","status":"passed","title":"auto-scrolls with default interval","duration":9.067999999999756,"failureMessages":[],"meta":{}},{"ancestorTitles":["useCarousel Hook"],"fullName":"useCarousel Hook auto-scrolls with custom interval","status":"passed","title":"auto-scrolls with custom interval","duration":11.417699999999968,"failureMessages":[],"meta":{}},{"ancestorTitles":["useCarousel Hook"],"fullName":"useCarousel Hook auto-scrolls with mobile single-step navigation","status":"passed","title":"auto-scrolls with mobile single-step navigation","duration":3.6938999999997577,"failureMessages":[],"meta":{}},{"ancestorTitles":["useCarousel Hook"],"fullName":"useCarousel Hook pauses auto-scroll when pause is called","status":"passed","title":"pauses auto-scroll when pause is called","duration":3.2098000000000866,"failureMessages":[],"meta":{}},{"ancestorTitles":["useCarousel Hook"],"fullName":"useCarousel Hook resumes auto-scroll when resume is called","status":"passed","title":"resumes auto-scroll when resume is called","duration":2.9616000000000895,"failureMessages":[],"meta":{}},{"ancestorTitles":["useCarousel Hook"],"fullName":"useCarousel Hook does not auto-scroll when autoPlay is false","status":"passed","title":"does not auto-scroll when autoPlay is false","duration":2.408100000000104,"failureMessages":[],"meta":{}},{"ancestorTitles":["useCarousel Hook"],"fullName":"useCarousel Hook handles multiple auto-scroll cycles","status":"passed","title":"handles multiple auto-scroll cycles","duration":4.574399999999969,"failureMessages":[],"meta":{}},{"ancestorTitles":["useCarousel Hook"],"fullName":"useCarousel Hook cleans up interval on unmount","status":"passed","title":"cleans up interval on unmount","duration":5.780700000000252,"failureMessages":[],"meta":{}}],"startTime":1753394136848,"endTime":1753394137017.7808,"status":"passed","message":"","name":"C:/Users/shahh/Documents/GitHub/harsh-portfolio/src/hooks/__tests__/useCarousel.test.ts"},{"assertionResults":[{"ancestorTitles":["useResponsive Hook"],"fullName":"useResponsive Hook initializes with correct default values","status":"passed","title":"initializes with correct default values","duration":31.11180000000013,"failureMessages":[],"meta":{}},{"ancestorTitles":["useResponsive Hook"],"fullName":"useResponsive Hook detects small screen size","status":"passed","title":"detects small screen size","duration":4.774499999999989,"failureMessages":[],"meta":{}},{"ancestorTitles":["useResponsive Hook"],"fullName":"useResponsive Hook detects large screen size","status":"passed","title":"detects large screen size","duration":4.571300000000065,"failureMessages":[],"meta":{}},{"ancestorTitles":["useResponsive Hook"],"fullName":"useResponsive Hook handles exact breakpoint values","status":"passed","title":"handles exact breakpoint values","duration":8.351599999999962,"failureMessages":[],"meta":{}},{"ancestorTitles":["useResponsive Hook"],"fullName":"useResponsive Hook updates on window resize","status":"passed","title":"updates on window resize","duration":6.778099999999995,"failureMessages":[],"meta":{}},{"ancestorTitles":["useResponsive Hook"],"fullName":"useResponsive Hook handles multiple resize events","status":"passed","title":"handles multiple resize events","duration":9.367600000000039,"failureMessages":[],"meta":{}},{"ancestorTitles":["useResponsive Hook"],"fullName":"useResponsive Hook handles very small screen sizes","status":"passed","title":"handles very small screen sizes","duration":4.331499999999778,"failureMessages":[],"meta":{}},{"ancestorTitles":["useResponsive Hook"],"fullName":"useResponsive Hook handles very large screen sizes","status":"passed","title":"handles very large screen sizes","duration":5.179800000000341,"failureMessages":[],"meta":{}},{"ancestorTitles":["useResponsive Hook"],"fullName":"useResponsive Hook updates visible counts on resize","status":"passed","title":"updates visible counts on resize","duration":4.580199999999877,"failureMessages":[],"meta":{}},{"ancestorTitles":["useResponsive Hook"],"fullName":"useResponsive Hook cleans up event listener on unmount","status":"passed","title":"cleans up event listener on unmount","duration":10.342799999999897,"failureMessages":[],"meta":{}},{"ancestorTitles":["useResponsive Hook"],"fullName":"useResponsive Hook provides consistent screen size detection","status":"passed","title":"provides consistent screen size detection","duration":16.475999999999658,"failureMessages":[],"meta":{}}],"startTime":1753394137897,"endTime":1753394138004.476,"status":"passed","message":"","name":"C:/Users/shahh/Documents/GitHub/harsh-portfolio/src/hooks/__tests__/useResponsive.test.ts"},{"assertionResults":[{"ancestorTitles":["Constants","BREAKPOINTS"],"fullName":"Constants BREAKPOINTS should have correct breakpoint values","status":"passed","title":"should have correct breakpoint values","duration":1.8105999999997948,"failureMessages":[],"meta":{}},{"ancestorTitles":["Constants","BREAKPOINTS"],"fullName":"Constants BREAKPOINTS should be readonly","status":"passed","title":"should be readonly","duration":0.286300000000665,"failureMessages":[],"meta":{}},{"ancestorTitles":["Constants","CAROUSEL_INTERVALS"],"fullName":"Constants CAROUSEL_INTERVALS should have correct interval values","status":"passed","title":"should have correct interval values","duration":0.32439999999951397,"failureMessages":[],"meta":{}},{"ancestorTitles":["Constants","CAROUSEL_INTERVALS"],"fullName":"Constants CAROUSEL_INTERVALS should be in milliseconds","status":"passed","title":"should be in milliseconds","duration":0.34689999999955035,"failureMessages":[],"meta":{}},{"ancestorTitles":["Constants","COVERFLOW_CONFIG"],"fullName":"Constants COVERFLOW_CONFIG should have all required properties","status":"passed","title":"should have all required properties","duration":0.901199999999335,"failureMessages":[],"meta":{}},{"ancestorTitles":["Constants","COVERFLOW_CONFIG"],"fullName":"Constants COVERFLOW_CONFIG should have reasonable scale values","status":"passed","title":"should have reasonable scale values","duration":0.4283999999997832,"failureMessages":[],"meta":{}},{"ancestorTitles":["Constants","COVERFLOW_CONFIG"],"fullName":"Constants COVERFLOW_CONFIG should have reasonable opacity values","status":"passed","title":"should have reasonable opacity values","duration":0.32849999999962165,"failureMessages":[],"meta":{}},{"ancestorTitles":["Constants","ANIMATION_DURATIONS"],"fullName":"Constants ANIMATION_DURATIONS should have correct duration values","status":"passed","title":"should have correct duration values","duration":0.3576999999995678,"failureMessages":[],"meta":{}},{"ancestorTitles":["Constants","ANIMATION_DURATIONS"],"fullName":"Constants ANIMATION_DURATIONS should be in ascending order","status":"passed","title":"should be in ascending order","duration":0.4337999999997919,"failureMessages":[],"meta":{}},{"ancestorTitles":["Constants","PERSONAL_INFO"],"fullName":"Constants PERSONAL_INFO should have all required personal information","status":"passed","title":"should have all required personal information","duration":0.6135000000003856,"failureMessages":[],"meta":{}},{"ancestorTitles":["Constants","PERSONAL_INFO"],"fullName":"Constants PERSONAL_INFO should have valid email format","status":"passed","title":"should have valid email format","duration":0.23320000000057917,"failureMessages":[],"meta":{}},{"ancestorTitles":["Constants","PERSONAL_INFO"],"fullName":"Constants PERSONAL_INFO should have non-empty values","status":"passed","title":"should have non-empty values","duration":0.23390000000017608,"failureMessages":[],"meta":{}},{"ancestorTitles":["Constants","PERSONAL_INFO"],"fullName":"Constants PERSONAL_INFO should have correct name","status":"passed","title":"should have correct name","duration":0.07319999999981519,"failureMessages":[],"meta":{}},{"ancestorTitles":["Constants","SOCIAL_LINKS"],"fullName":"Constants SOCIAL_LINKS should have all required social links","status":"passed","title":"should have all required social links","duration":0.16049999999995634,"failureMessages":[],"meta":{}},{"ancestorTitles":["Constants","SOCIAL_LINKS"],"fullName":"Constants SOCIAL_LINKS should have valid URLs","status":"passed","title":"should have valid URLs","duration":0.4025000000001455,"failureMessages":[],"meta":{}},{"ancestorTitles":["Constants","SOCIAL_LINKS"],"fullName":"Constants SOCIAL_LINKS should use PERSONAL_INFO values","status":"passed","title":"should use PERSONAL_INFO values","duration":0.36849999999958527,"failureMessages":[],"meta":{}},{"ancestorTitles":["Constants","getVisibleCount"],"fullName":"Constants getVisibleCount should return 1 for mobile screens","status":"passed","title":"should return 1 for mobile screens","duration":0.20269999999982247,"failureMessages":[],"meta":{}},{"ancestorTitles":["Constants","getVisibleCount"],"fullName":"Constants getVisibleCount should return correct values for tablet screens","status":"passed","title":"should return correct values for tablet screens","duration":0.10469999999986612,"failureMessages":[],"meta":{}},{"ancestorTitles":["Constants","getVisibleCount"],"fullName":"Constants getVisibleCount should return correct values for desktop screens","status":"passed","title":"should return correct values for desktop screens","duration":0.09310000000004948,"failureMessages":[],"meta":{}},{"ancestorTitles":["Constants","getVisibleCount"],"fullName":"Constants getVisibleCount should handle undefined window","status":"passed","title":"should handle undefined window","duration":0.11899999999968713,"failureMessages":[],"meta":{}}],"startTime":1753394139804,"endTime":1753394139813.119,"status":"passed","message":"","name":"C:/Users/shahh/Documents/GitHub/harsh-portfolio/src/lib/__tests__/constants.test.ts"},{"assertionResults":[{"ancestorTitles":["Utility Functions","cn"],"fullName":"Utility Functions cn merges class names correctly","status":"passed","title":"merges class names correctly","duration":14.216600000000199,"failureMessages":[],"meta":{}},{"ancestorTitles":["Utility Functions","cn"],"fullName":"Utility Functions cn handles conditional classes","status":"passed","title":"handles conditional classes","duration":0.7590000000000146,"failureMessages":[],"meta":{}},{"ancestorTitles":["Utility Functions","cn"],"fullName":"Utility Functions cn handles arrays and objects","status":"passed","title":"handles arrays and objects","duration":0.6242000000002008,"failureMessages":[],"meta":{}},{"ancestorTitles":["Utility Functions","cn"],"fullName":"Utility Functions cn should handle empty string","status":"passed","title":"should handle empty string","duration":0.5497000000000298,"failureMessages":[],"meta":{}},{"ancestorTitles":["Utility Functions","cn"],"fullName":"Utility Functions cn should handle single class","status":"passed","title":"should handle single class","duration":0.3821000000002641,"failureMessages":[],"meta":{}},{"ancestorTitles":["Utility Functions","getImageUrl"],"fullName":"Utility Functions getImageUrl returns full URL for relative paths","status":"passed","title":"returns full URL for relative paths","duration":1.0264000000001943,"failureMessages":[],"meta":{}},{"ancestorTitles":["Utility Functions","getImageUrl"],"fullName":"Utility Functions getImageUrl returns full URL for absolute URLs","status":"passed","title":"returns full URL for absolute URLs","duration":0.3346999999998843,"failureMessages":[],"meta":{}},{"ancestorTitles":["Utility Functions","getImageUrl"],"fullName":"Utility Functions getImageUrl returns fallback for empty URL","status":"passed","title":"returns fallback for empty URL","duration":0.4260999999996784,"failureMessages":[],"meta":{}},{"ancestorTitles":["Utility Functions","getImageUrl"],"fullName":"Utility Functions getImageUrl returns empty string for empty URL without fallback","status":"passed","title":"returns empty string for empty URL without fallback","duration":0.7743999999997868,"failureMessages":[],"meta":{}},{"ancestorTitles":["Utility Functions","getProjectFallbackEmoji"],"fullName":"Utility Functions getProjectFallbackEmoji returns food emoji for recipe projects","status":"passed","title":"returns food emoji for recipe projects","duration":0.5765000000001237,"failureMessages":[],"meta":{}},{"ancestorTitles":["Utility Functions","getProjectFallbackEmoji"],"fullName":"Utility Functions getProjectFallbackEmoji returns weather emoji for weather projects","status":"passed","title":"returns weather emoji for weather projects","duration":0.2807999999999993,"failureMessages":[],"meta":{}},{"ancestorTitles":["Utility Functions","getProjectFallbackEmoji"],"fullName":"Utility Functions getProjectFallbackEmoji returns shopping emoji for e-commerce projects","status":"passed","title":"returns shopping emoji for e-commerce projects","duration":0.24089999999978318,"failureMessages":[],"meta":{}},{"ancestorTitles":["Utility Functions","getProjectFallbackEmoji"],"fullName":"Utility Functions getProjectFallbackEmoji returns task emoji for task management projects","status":"passed","title":"returns task emoji for task management projects","duration":0.245600000000195,"failureMessages":[],"meta":{}},{"ancestorTitles":["Utility Functions","getProjectFallbackEmoji"],"fullName":"Utility Functions getProjectFallbackEmoji returns robot emoji for AI projects","status":"passed","title":"returns robot emoji for AI projects","duration":0.22460000000000946,"failureMessages":[],"meta":{}},{"ancestorTitles":["Utility Functions","getProjectFallbackEmoji"],"fullName":"Utility Functions getProjectFallbackEmoji returns chart emoji for data projects","status":"passed","title":"returns chart emoji for data projects","duration":0.21480000000019572,"failureMessages":[],"meta":{}},{"ancestorTitles":["Utility Functions","getProjectFallbackEmoji"],"fullName":"Utility Functions getProjectFallbackEmoji returns fitness emoji for fitness projects","status":"passed","title":"returns fitness emoji for fitness projects","duration":0.24729999999999563,"failureMessages":[],"meta":{}},{"ancestorTitles":["Utility Functions","getProjectFallbackEmoji"],"fullName":"Utility Functions getProjectFallbackEmoji returns blog emoji for blog projects","status":"passed","title":"returns blog emoji for blog projects","duration":0.1594000000000051,"failureMessages":[],"meta":{}},{"ancestorTitles":["Utility Functions","getProjectFallbackEmoji"],"fullName":"Utility Functions getProjectFallbackEmoji returns portfolio emoji for portfolio projects","status":"passed","title":"returns portfolio emoji for portfolio projects","duration":0.2798000000002503,"failureMessages":[],"meta":{}},{"ancestorTitles":["Utility Functions","getProjectFallbackEmoji"],"fullName":"Utility Functions getProjectFallbackEmoji returns default emoji for unknown projects","status":"passed","title":"returns default emoji for unknown projects","duration":0.18780000000015207,"failureMessages":[],"meta":{}},{"ancestorTitles":["Utility Functions","getCardWidthClass"],"fullName":"Utility Functions getCardWidthClass returns correct width for featured projects","status":"passed","title":"returns correct width for featured projects","duration":0.3247000000001208,"failureMessages":[],"meta":{}},{"ancestorTitles":["Utility Functions","getCardWidthClass"],"fullName":"Utility Functions getCardWidthClass returns correct width for other projects","status":"passed","title":"returns correct width for other projects","duration":0.24719999999979336,"failureMessages":[],"meta":{}},{"ancestorTitles":["Utility Functions","getCardPadding"],"fullName":"Utility Functions getCardPadding returns padding for non-last items","status":"passed","title":"returns padding for non-last items","duration":0.2581000000000131,"failureMessages":[],"meta":{}},{"ancestorTitles":["Utility Functions","getCardPadding"],"fullName":"Utility Functions getCardPadding returns empty string for last item","status":"passed","title":"returns empty string for last item","duration":0.20139999999992142,"failureMessages":[],"meta":{}},{"ancestorTitles":["Utility Functions","getCoverflowStyle"],"fullName":"Utility Functions getCoverflowStyle returns center card style for current index","status":"passed","title":"returns center card style for current index","duration":0.48389999999972133,"failureMessages":[],"meta":{}},{"ancestorTitles":["Utility Functions","getCoverflowStyle"],"fullName":"Utility Functions getCoverflowStyle returns left card style for previous index","status":"passed","title":"returns left card style for previous index","duration":0.403400000000147,"failureMessages":[],"meta":{}},{"ancestorTitles":["Utility Functions","getCoverflowStyle"],"fullName":"Utility Functions getCoverflowStyle returns right card style for next index","status":"passed","title":"returns right card style for next index","duration":0.25090000000000146,"failureMessages":[],"meta":{}},{"ancestorTitles":["Utility Functions","getCoverflowStyle"],"fullName":"Utility Functions getCoverflowStyle returns far card style for distant indices","status":"passed","title":"returns far card style for distant indices","duration":0.37590000000000146,"failureMessages":[],"meta":{}},{"ancestorTitles":["Utility Functions","getRollingWindow"],"fullName":"Utility Functions getRollingWindow returns correct window of items","status":"passed","title":"returns correct window of items","duration":1.9234000000001288,"failureMessages":[],"meta":{}},{"ancestorTitles":["Utility Functions","getRollingWindow"],"fullName":"Utility Functions getRollingWindow handles empty array","status":"passed","title":"handles empty array","duration":0.3773000000001048,"failureMessages":[],"meta":{}},{"ancestorTitles":["Utility Functions","getCardWidthClass edge cases"],"fullName":"Utility Functions getCardWidthClass edge cases returns w-full for unexpected visible values","status":"passed","title":"returns w-full for unexpected visible values","duration":0.28130000000010114,"failureMessages":[],"meta":{}},{"ancestorTitles":["Utility Functions","getRollingWindow edge cases"],"fullName":"Utility Functions getRollingWindow edge cases handles negative start index","status":"passed","title":"handles negative start index","duration":0.467200000000048,"failureMessages":[],"meta":{}},{"ancestorTitles":["Utility Functions","getRollingWindow edge cases"],"fullName":"Utility Functions getRollingWindow edge cases handles count greater than array length","status":"passed","title":"handles count greater than array length","duration":0.48260000000027503,"failureMessages":[],"meta":{}},{"ancestorTitles":["Utility Functions","getImageUrl edge cases"],"fullName":"Utility Functions getImageUrl edge cases returns url as is for non-http, non-/ string","status":"passed","title":"returns url as is for non-http, non-/ string","duration":0.2219000000000051,"failureMessages":[],"meta":{}}],"startTime":1753394138862,"endTime":1753394138893.222,"status":"passed","message":"","name":"C:/Users/shahh/Documents/GitHub/harsh-portfolio/src/lib/__tests__/utils.test.ts"},{"assertionResults":[{"ancestorTitles":["GradientButton Component"],"fullName":"GradientButton Component renders button with default props","status":"passed","title":"renders button with default props","duration":212.39529999999922,"failureMessages":[],"meta":{}},{"ancestorTitles":["GradientButton Component"],"fullName":"GradientButton Component renders as a link when asChild is true","status":"passed","title":"renders as a link when asChild is true","duration":34.81999999999971,"failureMessages":[],"meta":{}},{"ancestorTitles":["GradientButton Component"],"fullName":"GradientButton Component applies custom className","status":"passed","title":"applies custom className","duration":139.70359999999982,"failureMessages":[],"meta":{}},{"ancestorTitles":["GradientButton Component"],"fullName":"GradientButton Component handles click events","status":"passed","title":"handles click events","duration":109.04349999999977,"failureMessages":[],"meta":{}},{"ancestorTitles":["GradientButton Component"],"fullName":"GradientButton Component applies disabled state","status":"passed","title":"applies disabled state","duration":18.234999999999673,"failureMessages":[],"meta":{}},{"ancestorTitles":["GradientButton Component"],"fullName":"GradientButton Component renders with children content","status":"passed","title":"renders with children content","duration":18.374499999999898,"failureMessages":[],"meta":{}},{"ancestorTitles":["GradientButton Component"],"fullName":"GradientButton Component applies hover and focus states","status":"passed","title":"applies hover and focus states","duration":13.497999999999593,"failureMessages":[],"meta":{}},{"ancestorTitles":["GradientButton Component"],"fullName":"GradientButton Component works with different button types","status":"passed","title":"works with different button types","duration":14.323500000000422,"failureMessages":[],"meta":{}},{"ancestorTitles":["GradientButton Component"],"fullName":"GradientButton Component maintains gradient styling when disabled","status":"passed","title":"maintains gradient styling when disabled","duration":76.30240000000049,"failureMessages":[],"meta":{}},{"ancestorTitles":["GradientButton Component"],"fullName":"GradientButton Component renders with proper accessibility attributes","status":"passed","title":"renders with proper accessibility attributes","duration":13.723399999999856,"failureMessages":[],"meta":{}}],"startTime":1753394132662,"endTime":1753394133313.7234,"status":"passed","message":"","name":"C:/Users/shahh/Documents/GitHub/harsh-portfolio/src/components/ui/__tests__/GradientButton.test.tsx"},{"assertionResults":[{"ancestorTitles":["InteractiveCard Component"],"fullName":"InteractiveCard Component renders with default props","status":"passed","title":"renders with default props","duration":104.81720000000041,"failureMessages":[],"meta":{}},{"ancestorTitles":["InteractiveCard Component"],"fullName":"InteractiveCard Component renders with custom className","status":"passed","title":"renders with custom className","duration":13.308099999999286,"failureMessages":[],"meta":{}},{"ancestorTitles":["InteractiveCard Component"],"fullName":"InteractiveCard Component renders with custom contentClassName","status":"passed","title":"renders with custom contentClassName","duration":7.154899999999543,"failureMessages":[],"meta":{}},{"ancestorTitles":["InteractiveCard Component"],"fullName":"InteractiveCard Component renders with title","status":"passed","title":"renders with title","duration":12.722899999999754,"failureMessages":[],"meta":{}},{"ancestorTitles":["InteractiveCard Component"],"fullName":"InteractiveCard Component renders with custom headerClassName","status":"passed","title":"renders with custom headerClassName","duration":31.331499999999323,"failureMessages":[],"meta":{}},{"ancestorTitles":["InteractiveCard Component"],"fullName":"InteractiveCard Component applies hover effects","status":"passed","title":"applies hover effects","duration":21.656599999999344,"failureMessages":[],"meta":{}},{"ancestorTitles":["InteractiveCard Component"],"fullName":"InteractiveCard Component applies default styling classes","status":"passed","title":"applies default styling classes","duration":9.211099999999533,"failureMessages":[],"meta":{}},{"ancestorTitles":["InteractiveCard Component"],"fullName":"InteractiveCard Component applies custom padding to content","status":"passed","title":"applies custom padding to content","duration":11.147299999999632,"failureMessages":[],"meta":{}},{"ancestorTitles":["InteractiveCard Component"],"fullName":"InteractiveCard Component renders with complex content structure","status":"passed","title":"renders with complex content structure","duration":19.22150000000056,"failureMessages":[],"meta":{}},{"ancestorTitles":["InteractiveCard Component"],"fullName":"InteractiveCard Component renders without title when not provided","status":"passed","title":"renders without title when not provided","duration":7.445400000000518,"failureMessages":[],"meta":{}},{"ancestorTitles":["InteractiveCard Component"],"fullName":"InteractiveCard Component applies custom border radius","status":"passed","title":"applies custom border radius","duration":16.244799999999486,"failureMessages":[],"meta":{}},{"ancestorTitles":["InteractiveCard Component"],"fullName":"InteractiveCard Component maintains proper z-index for overlays","status":"passed","title":"maintains proper z-index for overlays","duration":7.3091999999996915,"failureMessages":[],"meta":{}},{"ancestorTitles":["InteractiveCard Component"],"fullName":"InteractiveCard Component handles data attributes","status":"passed","title":"handles data attributes","duration":57.46900000000005,"failureMessages":[],"meta":{}},{"ancestorTitles":["InteractiveCard Component"],"fullName":"InteractiveCard Component renders with group class for hover effects","status":"passed","title":"renders with group class for hover effects","duration":5.6457000000000335,"failureMessages":[],"meta":{}}],"startTime":1753394133474,"endTime":1753394133799.6458,"status":"passed","message":"","name":"C:/Users/shahh/Documents/GitHub/harsh-portfolio/src/components/ui/__tests__/InteractiveCard.test.tsx"},{"assertionResults":[{"ancestorTitles":["ProjectCard Component"],"fullName":"ProjectCard Component renders with project data","status":"passed","title":"renders with project data","duration":134.27109999999993,"failureMessages":[],"meta":{}},{"ancestorTitles":["ProjectCard Component"],"fullName":"ProjectCard Component displays project image when provided for featured projects","status":"passed","title":"displays project image when provided for featured projects","duration":122.44250000000011,"failureMessages":[],"meta":{}},{"ancestorTitles":["ProjectCard Component"],"fullName":"ProjectCard Component does not display project image for non-featured projects","status":"passed","title":"does not display project image for non-featured projects","duration":20.452699999999822,"failureMessages":[],"meta":{}},{"ancestorTitles":["ProjectCard Component"],"fullName":"ProjectCard Component handles missing image","status":"passed","title":"handles missing image","duration":25.53900000000067,"failureMessages":[],"meta":{}},{"ancestorTitles":["ProjectCard Component"],"fullName":"ProjectCard Component displays project title","status":"passed","title":"displays project title","duration":21.60819999999967,"failureMessages":[],"meta":{}},{"ancestorTitles":["ProjectCard Component"],"fullName":"ProjectCard Component displays project description","status":"passed","title":"displays project description","duration":48.09009999999944,"failureMessages":[],"meta":{}},{"ancestorTitles":["ProjectCard Component"],"fullName":"ProjectCard Component displays technology tags","status":"passed","title":"displays technology tags","duration":26.603699999999662,"failureMessages":[],"meta":{}},{"ancestorTitles":["ProjectCard Component"],"fullName":"ProjectCard Component displays GitHub link","status":"passed","title":"displays GitHub link","duration":31.328700000000026,"failureMessages":[],"meta":{}},{"ancestorTitles":["ProjectCard Component"],"fullName":"ProjectCard Component displays live demo link","status":"passed","title":"displays live demo link","duration":17.54779999999937,"failureMessages":[],"meta":{}},{"ancestorTitles":["ProjectCard Component"],"fullName":"ProjectCard Component applies hover effects","status":"passed","title":"applies hover effects","duration":23.295500000000175,"failureMessages":[],"meta":{}},{"ancestorTitles":["ProjectCard Component"],"fullName":"ProjectCard Component applies gradient styling","status":"passed","title":"applies gradient styling","duration":20.368999999999687,"failureMessages":[],"meta":{}},{"ancestorTitles":["ProjectCard Component"],"fullName":"ProjectCard Component handles featured projects","status":"passed","title":"handles featured projects","duration":19.095399999999245,"failureMessages":[],"meta":{}},{"ancestorTitles":["ProjectCard Component"],"fullName":"ProjectCard Component handles non-featured projects","status":"passed","title":"handles non-featured projects","duration":14.706100000000333,"failureMessages":[],"meta":{}},{"ancestorTitles":["ProjectCard Component"],"fullName":"ProjectCard Component has proper accessibility attributes","status":"passed","title":"has proper accessibility attributes","duration":99.12980000000061,"failureMessages":[],"meta":{}},{"ancestorTitles":["ProjectCard Component"],"fullName":"ProjectCard Component has proper accessibility attributes for non-featured projects","status":"passed","title":"has proper accessibility attributes for non-featured projects","duration":60.79569999999967,"failureMessages":[],"meta":{}},{"ancestorTitles":["ProjectCard Component"],"fullName":"ProjectCard Component applies custom className","status":"passed","title":"applies custom className","duration":14.264400000000023,"failureMessages":[],"meta":{}},{"ancestorTitles":["ProjectCard Component"],"fullName":"ProjectCard Component handles image loading state","status":"passed","title":"handles image loading state","duration":14.933899999999994,"failureMessages":[],"meta":{}},{"ancestorTitles":["ProjectCard Component"],"fullName":"ProjectCard Component handles image error state","status":"passed","title":"handles image error state","duration":59.663800000000265,"failureMessages":[],"meta":{}},{"ancestorTitles":["ProjectCard Component"],"fullName":"ProjectCard Component handles image load success","status":"passed","title":"handles image load success","duration":40.90099999999984,"failureMessages":[],"meta":{}},{"ancestorTitles":["ProjectCard Component"],"fullName":"ProjectCard Component applies different styling for featured vs non-featured projects","status":"passed","title":"applies different styling for featured vs non-featured projects","duration":76.17639999999938,"failureMessages":[],"meta":{}},{"ancestorTitles":["ProjectCard Component"],"fullName":"ProjectCard Component handles empty technologies array","status":"passed","title":"handles empty technologies array","duration":45.58479999999963,"failureMessages":[],"meta":{}},{"ancestorTitles":["ProjectCard Component"],"fullName":"ProjectCard Component handles long technology lists","status":"passed","title":"handles long technology lists","duration":30.590700000000652,"failureMessages":[],"meta":{}},{"ancestorTitles":["ProjectCard Component"],"fullName":"ProjectCard Component handles special characters in title and description","status":"passed","title":"handles special characters in title and description","duration":36.189800000000105,"failureMessages":[],"meta":{}},{"ancestorTitles":["ProjectCard Component"],"fullName":"ProjectCard Component handles very long descriptions","status":"passed","title":"handles very long descriptions","duration":10.00840000000062,"failureMessages":[],"meta":{}},{"ancestorTitles":["ProjectCard Component"],"fullName":"ProjectCard Component handles missing liveUrl","status":"passed","title":"handles missing liveUrl","duration":32.685199999999895,"failureMessages":[],"meta":{}},{"ancestorTitles":["ProjectCard Component"],"fullName":"ProjectCard Component handles missing githubUrl","status":"passed","title":"handles missing githubUrl","duration":10.153800000000047,"failureMessages":[],"meta":{}}],"startTime":1753394134441,"endTime":1753394135498.1538,"status":"passed","message":"","name":"C:/Users/shahh/Documents/GitHub/harsh-portfolio/src/components/ui/__tests__/ProjectCard.test.tsx"},{"assertionResults":[{"ancestorTitles":["SkillTag Component"],"fullName":"SkillTag Component renders skill tag with text","status":"passed","title":"renders skill tag with text","duration":90.26249999999982,"failureMessages":[],"meta":{}},{"ancestorTitles":["SkillTag Component"],"fullName":"SkillTag Component applies default styling classes","status":"passed","title":"applies default styling classes","duration":16.346400000000358,"failureMessages":[],"meta":{}},{"ancestorTitles":["SkillTag Component"],"fullName":"SkillTag Component applies custom className","status":"passed","title":"applies custom className","duration":10.48779999999988,"failureMessages":[],"meta":{}},{"ancestorTitles":["SkillTag Component"],"fullName":"SkillTag Component renders with different skill names","status":"passed","title":"renders with different skill names","duration":85.99189999999999,"failureMessages":[],"meta":{}},{"ancestorTitles":["SkillTag Component"],"fullName":"SkillTag Component handles empty content","status":"passed","title":"handles empty content","duration":151.01270000000022,"failureMessages":[],"meta":{}},{"ancestorTitles":["SkillTag Component"],"fullName":"SkillTag Component renders with accessibility attributes","status":"passed","title":"renders with accessibility attributes","duration":9.875500000000102,"failureMessages":[],"meta":{}},{"ancestorTitles":["SkillTag Component"],"fullName":"SkillTag Component applies hover effects","status":"passed","title":"applies hover effects","duration":7.52390000000014,"failureMessages":[],"meta":{}},{"ancestorTitles":["SkillTag Component"],"fullName":"SkillTag Component renders with proper text size","status":"passed","title":"renders with proper text size","duration":5.655000000000655,"failureMessages":[],"meta":{}},{"ancestorTitles":["SkillTag Component"],"fullName":"SkillTag Component renders with proper padding","status":"passed","title":"renders with proper padding","duration":4.630900000000111,"failureMessages":[],"meta":{}},{"ancestorTitles":["SkillTag Component"],"fullName":"SkillTag Component renders with border styling","status":"passed","title":"renders with border styling","duration":4.54740000000038,"failureMessages":[],"meta":{}}],"startTime":1753394132354,"endTime":1753394132742.5474,"status":"passed","message":"","name":"C:/Users/shahh/Documents/GitHub/harsh-portfolio/src/components/ui/__tests__/SkillTag.test.tsx"},{"assertionResults":[{"ancestorTitles":["sonner.utils"],"fullName":"sonner.utils should export toast function","status":"passed","title":"should export toast function","duration":3.1043000000004213,"failureMessages":[],"meta":{}}],"startTime":1753394139989,"endTime":1753394139992.1042,"status":"passed","message":"","name":"C:/Users/shahh/Documents/GitHub/harsh-portfolio/src/components/ui/__tests__/sonner.utils.test.ts"}]}